<?xml version="1.0" encoding="UTF-8"?>
<testsuite name="org.opensearch.sql.legacy.ObjectFieldSelectIT" tests="5" skipped="0" failures="1" errors="0" timestamp="2023-01-17T16:11:39" hostname="Unused26-MacBook.local" time="0.831">
  <properties/>
  <testcase name="testSelectObjectInnerFields" classname="org.opensearch.sql.legacy.ObjectFieldSelectIT" time="0.561"/>
  <testcase name="testSelectObjectFieldItself" classname="org.opensearch.sql.legacy.ObjectFieldSelectIT" time="0.039"/>
  <testcase name="testSelectNestedFieldItself" classname="org.opensearch.sql.legacy.ObjectFieldSelectIT" time="0.078">
    <failure message="java.lang.RuntimeException: org.opensearch.client.ResponseException: method [POST], host [http://[::1]:49775], URI [/_plugins/_sql?format=jdbc], status line [HTTP/1.1 400 Bad Request]&#10;{&#10;  &quot;error&quot;: {&#10;    &quot;reason&quot;: &quot;Invalid SQL query&quot;,&#10;    &quot;details&quot;: &quot;Query is unsupported in the new engine&quot;,&#10;    &quot;type&quot;: &quot;SQLFeatureDisabledException&quot;&#10;  },&#10;  &quot;status&quot;: 400&#10;}" type="java.lang.RuntimeException">java.lang.RuntimeException: org.opensearch.client.ResponseException: method [POST], host [http://[::1]:49775], URI [/_plugins/_sql?format=jdbc], status line [HTTP/1.1 400 Bad Request]
{
  &quot;error&quot;: {
    &quot;reason&quot;: &quot;Invalid SQL query&quot;,
    &quot;details&quot;: &quot;Query is unsupported in the new engine&quot;,
    &quot;type&quot;: &quot;SQLFeatureDisabledException&quot;
  },
  &quot;status&quot;: 400
}
	at __randomizedtesting.SeedInfo.seed([B058E8962C1F801C:74A308F2326D67DA]:0)
	at org.opensearch.sql.legacy.SQLIntegTestCase.executeQuery(SQLIntegTestCase.java:239)
	at org.opensearch.sql.legacy.ObjectFieldSelectIT.query(ObjectFieldSelectIT.java:105)
	at org.opensearch.sql.legacy.ObjectFieldSelectIT.testSelectNestedFieldItself(ObjectFieldSelectIT.java:71)
	at java.base/jdk.internal.reflect.NativeMethodAccessorImpl.invoke0(Native Method)
	at java.base/jdk.internal.reflect.NativeMethodAccessorImpl.invoke(NativeMethodAccessorImpl.java:77)
	at java.base/jdk.internal.reflect.DelegatingMethodAccessorImpl.invoke(DelegatingMethodAccessorImpl.java:43)
	at java.base/java.lang.reflect.Method.invoke(Method.java:568)
	at com.carrotsearch.randomizedtesting.RandomizedRunner.invoke(RandomizedRunner.java:1750)
	at com.carrotsearch.randomizedtesting.RandomizedRunner$8.evaluate(RandomizedRunner.java:938)
	at com.carrotsearch.randomizedtesting.RandomizedRunner$9.evaluate(RandomizedRunner.java:974)
	at com.carrotsearch.randomizedtesting.RandomizedRunner$10.evaluate(RandomizedRunner.java:988)
	at com.carrotsearch.randomizedtesting.rules.StatementAdapter.evaluate(StatementAdapter.java:36)
	at org.junit.rules.RunRules.evaluate(RunRules.java:20)
	at org.apache.lucene.tests.util.TestRuleSetupTeardownChained$1.evaluate(TestRuleSetupTeardownChained.java:48)
	at org.apache.lucene.tests.util.AbstractBeforeAfterRule$1.evaluate(AbstractBeforeAfterRule.java:43)
	at org.apache.lucene.tests.util.TestRuleThreadAndTestName$1.evaluate(TestRuleThreadAndTestName.java:45)
	at org.apache.lucene.tests.util.TestRuleIgnoreAfterMaxFailures$1.evaluate(TestRuleIgnoreAfterMaxFailures.java:60)
	at org.apache.lucene.tests.util.TestRuleMarkFailure$1.evaluate(TestRuleMarkFailure.java:44)
	at org.junit.rules.RunRules.evaluate(RunRules.java:20)
	at com.carrotsearch.randomizedtesting.rules.StatementAdapter.evaluate(StatementAdapter.java:36)
	at com.carrotsearch.randomizedtesting.ThreadLeakControl$StatementRunner.run(ThreadLeakControl.java:368)
	at com.carrotsearch.randomizedtesting.ThreadLeakControl.forkTimeoutingTask(ThreadLeakControl.java:817)
	at com.carrotsearch.randomizedtesting.ThreadLeakControl$3.evaluate(ThreadLeakControl.java:468)
	at com.carrotsearch.randomizedtesting.RandomizedRunner.runSingleTest(RandomizedRunner.java:947)
	at com.carrotsearch.randomizedtesting.RandomizedRunner$5.evaluate(RandomizedRunner.java:832)
	at com.carrotsearch.randomizedtesting.RandomizedRunner$6.evaluate(RandomizedRunner.java:883)
	at com.carrotsearch.randomizedtesting.RandomizedRunner$7.evaluate(RandomizedRunner.java:894)
	at org.apache.lucene.tests.util.AbstractBeforeAfterRule$1.evaluate(AbstractBeforeAfterRule.java:43)
	at com.carrotsearch.randomizedtesting.rules.StatementAdapter.evaluate(StatementAdapter.java:36)
	at org.apache.lucene.tests.util.TestRuleStoreClassName$1.evaluate(TestRuleStoreClassName.java:38)
	at com.carrotsearch.randomizedtesting.rules.NoShadowingOrOverridesOnMethodsRule$1.evaluate(NoShadowingOrOverridesOnMethodsRule.java:40)
	at com.carrotsearch.randomizedtesting.rules.NoShadowingOrOverridesOnMethodsRule$1.evaluate(NoShadowingOrOverridesOnMethodsRule.java:40)
	at com.carrotsearch.randomizedtesting.rules.StatementAdapter.evaluate(StatementAdapter.java:36)
	at com.carrotsearch.randomizedtesting.rules.StatementAdapter.evaluate(StatementAdapter.java:36)
	at org.apache.lucene.tests.util.TestRuleAssertionsRequired$1.evaluate(TestRuleAssertionsRequired.java:53)
	at org.apache.lucene.tests.util.AbstractBeforeAfterRule$1.evaluate(AbstractBeforeAfterRule.java:43)
	at org.apache.lucene.tests.util.TestRuleMarkFailure$1.evaluate(TestRuleMarkFailure.java:44)
	at org.apache.lucene.tests.util.TestRuleIgnoreAfterMaxFailures$1.evaluate(TestRuleIgnoreAfterMaxFailures.java:60)
	at org.apache.lucene.tests.util.TestRuleIgnoreTestSuites$1.evaluate(TestRuleIgnoreTestSuites.java:47)
	at org.junit.rules.RunRules.evaluate(RunRules.java:20)
	at com.carrotsearch.randomizedtesting.rules.StatementAdapter.evaluate(StatementAdapter.java:36)
	at com.carrotsearch.randomizedtesting.ThreadLeakControl$StatementRunner.run(ThreadLeakControl.java:368)
	at java.base/java.lang.Thread.run(Thread.java:833)
Caused by: org.opensearch.client.ResponseException: method [POST], host [http://[::1]:49775], URI [/_plugins/_sql?format=jdbc], status line [HTTP/1.1 400 Bad Request]
{
  &quot;error&quot;: {
    &quot;reason&quot;: &quot;Invalid SQL query&quot;,
    &quot;details&quot;: &quot;Query is unsupported in the new engine&quot;,
    &quot;type&quot;: &quot;SQLFeatureDisabledException&quot;
  },
  &quot;status&quot;: 400
}
	at app//org.opensearch.client.RestClient.convertResponse(RestClient.java:384)
	at app//org.opensearch.client.RestClient.performRequest(RestClient.java:354)
	at app//org.opensearch.client.RestClient.performRequest(RestClient.java:329)
	at app//org.opensearch.sql.legacy.SQLIntegTestCase.executeQuery(SQLIntegTestCase.java:233)
	... 42 more
</failure>
  </testcase>
  <testcase name="testSelectObjectFieldOfArrayValuesItself" classname="org.opensearch.sql.legacy.ObjectFieldSelectIT" time="0.067"/>
  <testcase name="testSelectObjectFieldOfArrayValuesInnerFields" classname="org.opensearch.sql.legacy.ObjectFieldSelectIT" time="0.08"/>
  <system-out><![CDATA[[2023-01-17T10:11:39,721][INFO ][o.o.s.l.ObjectFieldSelectIT] [testSelectObjectInnerFields] before test
[2023-01-17T10:11:39,728][INFO ][o.o.s.l.ObjectFieldSelectIT] [testSelectObjectInnerFields] initializing REST clients against [http://[::1]:49775, http://127.0.0.1:49776]
[2023-01-17T10:11:40,273][INFO ][o.o.s.l.ObjectFieldSelectIT] [testSelectObjectInnerFields] after test
[2023-01-17T10:11:40,279][INFO ][o.o.s.l.ObjectFieldSelectIT] [testSelectObjectFieldItself] before test
[2023-01-17T10:11:40,313][INFO ][o.o.s.l.ObjectFieldSelectIT] [testSelectObjectFieldItself] after test
[2023-01-17T10:11:40,321][INFO ][o.o.s.l.ObjectFieldSelectIT] [testSelectNestedFieldItself] before test
[2023-01-17T10:11:40,380][INFO ][o.o.s.l.ObjectFieldSelectIT] [testSelectNestedFieldItself] after test
[2023-01-17T10:11:40,408][INFO ][o.o.s.l.ObjectFieldSelectIT] [testSelectObjectFieldOfArrayValuesItself] before test
[2023-01-17T10:11:40,456][INFO ][o.o.s.l.ObjectFieldSelectIT] [testSelectObjectFieldOfArrayValuesItself] after test
[2023-01-17T10:11:40,474][INFO ][o.o.s.l.ObjectFieldSelectIT] [testSelectObjectFieldOfArrayValuesInnerFields] before test
[2023-01-17T10:11:40,537][INFO ][o.o.s.l.ObjectFieldSelectIT] [testSelectObjectFieldOfArrayValuesInnerFields] after test
]]></system-out>
  <system-err><![CDATA[REPRODUCE WITH: ./gradlew ':integ-test:integTest' --tests "org.opensearch.sql.legacy.ObjectFieldSelectIT.testSelectNestedFieldItself" -Dtests.seed=B058E8962C1F801C -Dtests.security.manager=false -Dtests.locale=es-GT -Dtests.timezone=Etc/GMT+6 -Druntime.java=17
NOTE: leaving temporary files on disk at: /Users/guiang/Documents/GitHub/opensearch-project-sql/integ-test/build/testrun/integTest/temp/org.opensearch.sql.legacy.ObjectFieldSelectIT_B058E8962C1F801C-001
NOTE: test params are: codec=Asserting(Lucene95): {}, docValues:{}, maxPointsInLeafNode=1590, maxMBSortInHeap=7.9078039713878985, sim=Asserting(RandomSimilarity(queryNorm=true): {}), locale=es-GT, timezone=Etc/GMT+6
NOTE: Mac OS X 13.0 x86_64/Amazon.com Inc. 17.0.4.1 (64-bit)/cpus=10,threads=1,free=390335344,total=536870912
NOTE: All tests run in this JVM: [AggregationIT, CsvFormatResponseIT, CursorIT, DateFormatIT, DateFunctionsIT, DeleteIT, HashJoinIT, HavingIT, JSONRequestIT, JdbcTestIT, JoinAliasWriterRuleIT, JoinIT, MathFunctionsIT, MetaDataQueriesIT, MethodQueryIT, MultiQueryIT, NestedFieldQueryIT, ObjectFieldSelectIT]
]]></system-err>
</testsuite>
