<?xml version="1.0" encoding="UTF-8"?>
<testsuite name="org.opensearch.sql.legacy.QueryIT" tests="107" skipped="17" failures="82" errors="0" timestamp="2023-01-17T16:11:48" hostname="Unused26-MacBook.local" time="9.635">
  <properties/>
  <testcase name="queryWithDotAtStartOfIndexName" classname="org.opensearch.sql.legacy.QueryIT" time="5.991"/>
  <testcase name="missFilterSearch" classname="org.opensearch.sql.legacy.QueryIT" time="0.065">
    <failure message="org.opensearch.client.ResponseException: method [POST], host [http://127.0.0.1:49776], URI [/_plugins/_sql?format=json], status line [HTTP/1.1 400 Bad Request]&#10;{&#10;  &quot;error&quot;: {&#10;    &quot;reason&quot;: &quot;Invalid SQL query&quot;,&#10;    &quot;details&quot;: &quot;Query is unsupported in the new engine&quot;,&#10;    &quot;type&quot;: &quot;SQLFeatureDisabledException&quot;&#10;  },&#10;  &quot;status&quot;: 400&#10;}" type="org.opensearch.client.ResponseException">org.opensearch.client.ResponseException: method [POST], host [http://127.0.0.1:49776], URI [/_plugins/_sql?format=json], status line [HTTP/1.1 400 Bad Request]
{
  &quot;error&quot;: {
    &quot;reason&quot;: &quot;Invalid SQL query&quot;,
    &quot;details&quot;: &quot;Query is unsupported in the new engine&quot;,
    &quot;type&quot;: &quot;SQLFeatureDisabledException&quot;
  },
  &quot;status&quot;: 400
}
	at __randomizedtesting.SeedInfo.seed([B058E8962C1F801C:2A815536E21AF092]:0)
	at app//org.opensearch.client.RestClient.convertResponse(RestClient.java:384)
	at app//org.opensearch.client.RestClient.performRequest(RestClient.java:354)
	at app//org.opensearch.client.RestClient.performRequest(RestClient.java:329)
	at app//org.opensearch.sql.legacy.SQLIntegTestCase.executeRequest(SQLIntegTestCase.java:327)
	at app//org.opensearch.sql.legacy.SQLIntegTestCase.executeRequest(SQLIntegTestCase.java:322)
	at app//org.opensearch.sql.legacy.SQLIntegTestCase.executeRequest(SQLIntegTestCase.java:310)
	at app//org.opensearch.sql.legacy.SQLIntegTestCase.executeQuery(SQLIntegTestCase.java:293)
	at app//org.opensearch.sql.legacy.QueryIT.missFilterSearch(QueryIT.java:801)
	at java.base@17.0.4.1/jdk.internal.reflect.NativeMethodAccessorImpl.invoke0(Native Method)
	at java.base@17.0.4.1/jdk.internal.reflect.NativeMethodAccessorImpl.invoke(NativeMethodAccessorImpl.java:77)
	at java.base@17.0.4.1/jdk.internal.reflect.DelegatingMethodAccessorImpl.invoke(DelegatingMethodAccessorImpl.java:43)
	at java.base@17.0.4.1/java.lang.reflect.Method.invoke(Method.java:568)
	at app//com.carrotsearch.randomizedtesting.RandomizedRunner.invoke(RandomizedRunner.java:1750)
	at app//com.carrotsearch.randomizedtesting.RandomizedRunner$8.evaluate(RandomizedRunner.java:938)
	at app//com.carrotsearch.randomizedtesting.RandomizedRunner$9.evaluate(RandomizedRunner.java:974)
	at app//com.carrotsearch.randomizedtesting.RandomizedRunner$10.evaluate(RandomizedRunner.java:988)
	at app//com.carrotsearch.randomizedtesting.rules.StatementAdapter.evaluate(StatementAdapter.java:36)
	at app//org.junit.rules.RunRules.evaluate(RunRules.java:20)
	at app//org.apache.lucene.tests.util.TestRuleSetupTeardownChained$1.evaluate(TestRuleSetupTeardownChained.java:48)
	at app//org.apache.lucene.tests.util.AbstractBeforeAfterRule$1.evaluate(AbstractBeforeAfterRule.java:43)
	at app//org.apache.lucene.tests.util.TestRuleThreadAndTestName$1.evaluate(TestRuleThreadAndTestName.java:45)
	at app//org.apache.lucene.tests.util.TestRuleIgnoreAfterMaxFailures$1.evaluate(TestRuleIgnoreAfterMaxFailures.java:60)
	at app//org.apache.lucene.tests.util.TestRuleMarkFailure$1.evaluate(TestRuleMarkFailure.java:44)
	at app//org.junit.rules.RunRules.evaluate(RunRules.java:20)
	at app//com.carrotsearch.randomizedtesting.rules.StatementAdapter.evaluate(StatementAdapter.java:36)
	at app//com.carrotsearch.randomizedtesting.ThreadLeakControl$StatementRunner.run(ThreadLeakControl.java:368)
	at app//com.carrotsearch.randomizedtesting.ThreadLeakControl.forkTimeoutingTask(ThreadLeakControl.java:817)
	at app//com.carrotsearch.randomizedtesting.ThreadLeakControl$3.evaluate(ThreadLeakControl.java:468)
	at app//com.carrotsearch.randomizedtesting.RandomizedRunner.runSingleTest(RandomizedRunner.java:947)
	at app//com.carrotsearch.randomizedtesting.RandomizedRunner$5.evaluate(RandomizedRunner.java:832)
	at app//com.carrotsearch.randomizedtesting.RandomizedRunner$6.evaluate(RandomizedRunner.java:883)
	at app//com.carrotsearch.randomizedtesting.RandomizedRunner$7.evaluate(RandomizedRunner.java:894)
	at app//org.apache.lucene.tests.util.AbstractBeforeAfterRule$1.evaluate(AbstractBeforeAfterRule.java:43)
	at app//com.carrotsearch.randomizedtesting.rules.StatementAdapter.evaluate(StatementAdapter.java:36)
	at app//org.apache.lucene.tests.util.TestRuleStoreClassName$1.evaluate(TestRuleStoreClassName.java:38)
	at app//com.carrotsearch.randomizedtesting.rules.NoShadowingOrOverridesOnMethodsRule$1.evaluate(NoShadowingOrOverridesOnMethodsRule.java:40)
	at app//com.carrotsearch.randomizedtesting.rules.NoShadowingOrOverridesOnMethodsRule$1.evaluate(NoShadowingOrOverridesOnMethodsRule.java:40)
	at app//com.carrotsearch.randomizedtesting.rules.StatementAdapter.evaluate(StatementAdapter.java:36)
	at app//com.carrotsearch.randomizedtesting.rules.StatementAdapter.evaluate(StatementAdapter.java:36)
	at app//org.apache.lucene.tests.util.TestRuleAssertionsRequired$1.evaluate(TestRuleAssertionsRequired.java:53)
	at app//org.apache.lucene.tests.util.AbstractBeforeAfterRule$1.evaluate(AbstractBeforeAfterRule.java:43)
	at app//org.apache.lucene.tests.util.TestRuleMarkFailure$1.evaluate(TestRuleMarkFailure.java:44)
	at app//org.apache.lucene.tests.util.TestRuleIgnoreAfterMaxFailures$1.evaluate(TestRuleIgnoreAfterMaxFailures.java:60)
	at app//org.apache.lucene.tests.util.TestRuleIgnoreTestSuites$1.evaluate(TestRuleIgnoreTestSuites.java:47)
	at app//org.junit.rules.RunRules.evaluate(RunRules.java:20)
	at app//com.carrotsearch.randomizedtesting.rules.StatementAdapter.evaluate(StatementAdapter.java:36)
	at app//com.carrotsearch.randomizedtesting.ThreadLeakControl$StatementRunner.run(ThreadLeakControl.java:368)
	at java.base@17.0.4.1/java.lang.Thread.run(Thread.java:833)
</failure>
  </testcase>
  <testcase name="dateSearchBraces" classname="org.opensearch.sql.legacy.QueryIT" time="0.095">
    <failure message="org.opensearch.client.ResponseException: method [POST], host [http://127.0.0.1:49776], URI [/_plugins/_sql?format=json], status line [HTTP/1.1 400 Bad Request]&#10;{&#10;  &quot;error&quot;: {&#10;    &quot;reason&quot;: &quot;Invalid SQL query&quot;,&#10;    &quot;details&quot;: &quot;Query is unsupported in the new engine&quot;,&#10;    &quot;type&quot;: &quot;SQLFeatureDisabledException&quot;&#10;  },&#10;  &quot;status&quot;: 400&#10;}" type="org.opensearch.client.ResponseException">org.opensearch.client.ResponseException: method [POST], host [http://127.0.0.1:49776], URI [/_plugins/_sql?format=json], status line [HTTP/1.1 400 Bad Request]
{
  &quot;error&quot;: {
    &quot;reason&quot;: &quot;Invalid SQL query&quot;,
    &quot;details&quot;: &quot;Query is unsupported in the new engine&quot;,
    &quot;type&quot;: &quot;SQLFeatureDisabledException&quot;
  },
  &quot;status&quot;: 400
}
	at __randomizedtesting.SeedInfo.seed([B058E8962C1F801C:AA5C30E39490A33C]:0)
	at app//org.opensearch.client.RestClient.convertResponse(RestClient.java:384)
	at app//org.opensearch.client.RestClient.performRequest(RestClient.java:354)
	at app//org.opensearch.client.RestClient.performRequest(RestClient.java:329)
	at app//org.opensearch.sql.legacy.SQLIntegTestCase.executeRequest(SQLIntegTestCase.java:327)
	at app//org.opensearch.sql.legacy.SQLIntegTestCase.executeRequest(SQLIntegTestCase.java:322)
	at app//org.opensearch.sql.legacy.SQLIntegTestCase.executeRequest(SQLIntegTestCase.java:310)
	at app//org.opensearch.sql.legacy.SQLIntegTestCase.executeQuery(SQLIntegTestCase.java:293)
	at app//org.opensearch.sql.legacy.QueryIT.dateSearchBraces(QueryIT.java:754)
	at java.base@17.0.4.1/jdk.internal.reflect.NativeMethodAccessorImpl.invoke0(Native Method)
	at java.base@17.0.4.1/jdk.internal.reflect.NativeMethodAccessorImpl.invoke(NativeMethodAccessorImpl.java:77)
	at java.base@17.0.4.1/jdk.internal.reflect.DelegatingMethodAccessorImpl.invoke(DelegatingMethodAccessorImpl.java:43)
	at java.base@17.0.4.1/java.lang.reflect.Method.invoke(Method.java:568)
	at app//com.carrotsearch.randomizedtesting.RandomizedRunner.invoke(RandomizedRunner.java:1750)
	at app//com.carrotsearch.randomizedtesting.RandomizedRunner$8.evaluate(RandomizedRunner.java:938)
	at app//com.carrotsearch.randomizedtesting.RandomizedRunner$9.evaluate(RandomizedRunner.java:974)
	at app//com.carrotsearch.randomizedtesting.RandomizedRunner$10.evaluate(RandomizedRunner.java:988)
	at app//com.carrotsearch.randomizedtesting.rules.StatementAdapter.evaluate(StatementAdapter.java:36)
	at app//org.junit.rules.RunRules.evaluate(RunRules.java:20)
	at app//org.apache.lucene.tests.util.TestRuleSetupTeardownChained$1.evaluate(TestRuleSetupTeardownChained.java:48)
	at app//org.apache.lucene.tests.util.AbstractBeforeAfterRule$1.evaluate(AbstractBeforeAfterRule.java:43)
	at app//org.apache.lucene.tests.util.TestRuleThreadAndTestName$1.evaluate(TestRuleThreadAndTestName.java:45)
	at app//org.apache.lucene.tests.util.TestRuleIgnoreAfterMaxFailures$1.evaluate(TestRuleIgnoreAfterMaxFailures.java:60)
	at app//org.apache.lucene.tests.util.TestRuleMarkFailure$1.evaluate(TestRuleMarkFailure.java:44)
	at app//org.junit.rules.RunRules.evaluate(RunRules.java:20)
	at app//com.carrotsearch.randomizedtesting.rules.StatementAdapter.evaluate(StatementAdapter.java:36)
	at app//com.carrotsearch.randomizedtesting.ThreadLeakControl$StatementRunner.run(ThreadLeakControl.java:368)
	at app//com.carrotsearch.randomizedtesting.ThreadLeakControl.forkTimeoutingTask(ThreadLeakControl.java:817)
	at app//com.carrotsearch.randomizedtesting.ThreadLeakControl$3.evaluate(ThreadLeakControl.java:468)
	at app//com.carrotsearch.randomizedtesting.RandomizedRunner.runSingleTest(RandomizedRunner.java:947)
	at app//com.carrotsearch.randomizedtesting.RandomizedRunner$5.evaluate(RandomizedRunner.java:832)
	at app//com.carrotsearch.randomizedtesting.RandomizedRunner$6.evaluate(RandomizedRunner.java:883)
	at app//com.carrotsearch.randomizedtesting.RandomizedRunner$7.evaluate(RandomizedRunner.java:894)
	at app//org.apache.lucene.tests.util.AbstractBeforeAfterRule$1.evaluate(AbstractBeforeAfterRule.java:43)
	at app//com.carrotsearch.randomizedtesting.rules.StatementAdapter.evaluate(StatementAdapter.java:36)
	at app//org.apache.lucene.tests.util.TestRuleStoreClassName$1.evaluate(TestRuleStoreClassName.java:38)
	at app//com.carrotsearch.randomizedtesting.rules.NoShadowingOrOverridesOnMethodsRule$1.evaluate(NoShadowingOrOverridesOnMethodsRule.java:40)
	at app//com.carrotsearch.randomizedtesting.rules.NoShadowingOrOverridesOnMethodsRule$1.evaluate(NoShadowingOrOverridesOnMethodsRule.java:40)
	at app//com.carrotsearch.randomizedtesting.rules.StatementAdapter.evaluate(StatementAdapter.java:36)
	at app//com.carrotsearch.randomizedtesting.rules.StatementAdapter.evaluate(StatementAdapter.java:36)
	at app//org.apache.lucene.tests.util.TestRuleAssertionsRequired$1.evaluate(TestRuleAssertionsRequired.java:53)
	at app//org.apache.lucene.tests.util.AbstractBeforeAfterRule$1.evaluate(AbstractBeforeAfterRule.java:43)
	at app//org.apache.lucene.tests.util.TestRuleMarkFailure$1.evaluate(TestRuleMarkFailure.java:44)
	at app//org.apache.lucene.tests.util.TestRuleIgnoreAfterMaxFailures$1.evaluate(TestRuleIgnoreAfterMaxFailures.java:60)
	at app//org.apache.lucene.tests.util.TestRuleIgnoreTestSuites$1.evaluate(TestRuleIgnoreTestSuites.java:47)
	at app//org.junit.rules.RunRules.evaluate(RunRules.java:20)
	at app//com.carrotsearch.randomizedtesting.rules.StatementAdapter.evaluate(StatementAdapter.java:36)
	at app//com.carrotsearch.randomizedtesting.ThreadLeakControl$StatementRunner.run(ThreadLeakControl.java:368)
	at java.base@17.0.4.1/java.lang.Thread.run(Thread.java:833)
</failure>
  </testcase>
  <testcase name="selectSpecificFieldsUsingTableNamePrefix" classname="org.opensearch.sql.legacy.QueryIT" time="0.037">
    <failure message="org.opensearch.client.ResponseException: method [POST], host [http://127.0.0.1:49776], URI [/_plugins/_sql?format=json], status line [HTTP/1.1 400 Bad Request]&#10;{&#10;  &quot;error&quot;: {&#10;    &quot;reason&quot;: &quot;Invalid SQL query&quot;,&#10;    &quot;details&quot;: &quot;Query is unsupported in the new engine&quot;,&#10;    &quot;type&quot;: &quot;SQLFeatureDisabledException&quot;&#10;  },&#10;  &quot;status&quot;: 400&#10;}" type="org.opensearch.client.ResponseException">org.opensearch.client.ResponseException: method [POST], host [http://127.0.0.1:49776], URI [/_plugins/_sql?format=json], status line [HTTP/1.1 400 Bad Request]
{
  &quot;error&quot;: {
    &quot;reason&quot;: &quot;Invalid SQL query&quot;,
    &quot;details&quot;: &quot;Query is unsupported in the new engine&quot;,
    &quot;type&quot;: &quot;SQLFeatureDisabledException&quot;
  },
  &quot;status&quot;: 400
}
	at __randomizedtesting.SeedInfo.seed([B058E8962C1F801C:764143ADC8FE0E3A]:0)
	at app//org.opensearch.client.RestClient.convertResponse(RestClient.java:384)
	at app//org.opensearch.client.RestClient.performRequest(RestClient.java:354)
	at app//org.opensearch.client.RestClient.performRequest(RestClient.java:329)
	at app//org.opensearch.sql.legacy.SQLIntegTestCase.executeRequest(SQLIntegTestCase.java:327)
	at app//org.opensearch.sql.legacy.SQLIntegTestCase.executeRequest(SQLIntegTestCase.java:322)
	at app//org.opensearch.sql.legacy.SQLIntegTestCase.executeRequest(SQLIntegTestCase.java:310)
	at app//org.opensearch.sql.legacy.SQLIntegTestCase.executeQuery(SQLIntegTestCase.java:293)
	at app//org.opensearch.sql.legacy.QueryIT.selectSpecificFieldsUsingTableNamePrefix(QueryIT.java:222)
	at java.base@17.0.4.1/jdk.internal.reflect.NativeMethodAccessorImpl.invoke0(Native Method)
	at java.base@17.0.4.1/jdk.internal.reflect.NativeMethodAccessorImpl.invoke(NativeMethodAccessorImpl.java:77)
	at java.base@17.0.4.1/jdk.internal.reflect.DelegatingMethodAccessorImpl.invoke(DelegatingMethodAccessorImpl.java:43)
	at java.base@17.0.4.1/java.lang.reflect.Method.invoke(Method.java:568)
	at app//com.carrotsearch.randomizedtesting.RandomizedRunner.invoke(RandomizedRunner.java:1750)
	at app//com.carrotsearch.randomizedtesting.RandomizedRunner$8.evaluate(RandomizedRunner.java:938)
	at app//com.carrotsearch.randomizedtesting.RandomizedRunner$9.evaluate(RandomizedRunner.java:974)
	at app//com.carrotsearch.randomizedtesting.RandomizedRunner$10.evaluate(RandomizedRunner.java:988)
	at app//com.carrotsearch.randomizedtesting.rules.StatementAdapter.evaluate(StatementAdapter.java:36)
	at app//org.junit.rules.RunRules.evaluate(RunRules.java:20)
	at app//org.apache.lucene.tests.util.TestRuleSetupTeardownChained$1.evaluate(TestRuleSetupTeardownChained.java:48)
	at app//org.apache.lucene.tests.util.AbstractBeforeAfterRule$1.evaluate(AbstractBeforeAfterRule.java:43)
	at app//org.apache.lucene.tests.util.TestRuleThreadAndTestName$1.evaluate(TestRuleThreadAndTestName.java:45)
	at app//org.apache.lucene.tests.util.TestRuleIgnoreAfterMaxFailures$1.evaluate(TestRuleIgnoreAfterMaxFailures.java:60)
	at app//org.apache.lucene.tests.util.TestRuleMarkFailure$1.evaluate(TestRuleMarkFailure.java:44)
	at app//org.junit.rules.RunRules.evaluate(RunRules.java:20)
	at app//com.carrotsearch.randomizedtesting.rules.StatementAdapter.evaluate(StatementAdapter.java:36)
	at app//com.carrotsearch.randomizedtesting.ThreadLeakControl$StatementRunner.run(ThreadLeakControl.java:368)
	at app//com.carrotsearch.randomizedtesting.ThreadLeakControl.forkTimeoutingTask(ThreadLeakControl.java:817)
	at app//com.carrotsearch.randomizedtesting.ThreadLeakControl$3.evaluate(ThreadLeakControl.java:468)
	at app//com.carrotsearch.randomizedtesting.RandomizedRunner.runSingleTest(RandomizedRunner.java:947)
	at app//com.carrotsearch.randomizedtesting.RandomizedRunner$5.evaluate(RandomizedRunner.java:832)
	at app//com.carrotsearch.randomizedtesting.RandomizedRunner$6.evaluate(RandomizedRunner.java:883)
	at app//com.carrotsearch.randomizedtesting.RandomizedRunner$7.evaluate(RandomizedRunner.java:894)
	at app//org.apache.lucene.tests.util.AbstractBeforeAfterRule$1.evaluate(AbstractBeforeAfterRule.java:43)
	at app//com.carrotsearch.randomizedtesting.rules.StatementAdapter.evaluate(StatementAdapter.java:36)
	at app//org.apache.lucene.tests.util.TestRuleStoreClassName$1.evaluate(TestRuleStoreClassName.java:38)
	at app//com.carrotsearch.randomizedtesting.rules.NoShadowingOrOverridesOnMethodsRule$1.evaluate(NoShadowingOrOverridesOnMethodsRule.java:40)
	at app//com.carrotsearch.randomizedtesting.rules.NoShadowingOrOverridesOnMethodsRule$1.evaluate(NoShadowingOrOverridesOnMethodsRule.java:40)
	at app//com.carrotsearch.randomizedtesting.rules.StatementAdapter.evaluate(StatementAdapter.java:36)
	at app//com.carrotsearch.randomizedtesting.rules.StatementAdapter.evaluate(StatementAdapter.java:36)
	at app//org.apache.lucene.tests.util.TestRuleAssertionsRequired$1.evaluate(TestRuleAssertionsRequired.java:53)
	at app//org.apache.lucene.tests.util.AbstractBeforeAfterRule$1.evaluate(AbstractBeforeAfterRule.java:43)
	at app//org.apache.lucene.tests.util.TestRuleMarkFailure$1.evaluate(TestRuleMarkFailure.java:44)
	at app//org.apache.lucene.tests.util.TestRuleIgnoreAfterMaxFailures$1.evaluate(TestRuleIgnoreAfterMaxFailures.java:60)
	at app//org.apache.lucene.tests.util.TestRuleIgnoreTestSuites$1.evaluate(TestRuleIgnoreTestSuites.java:47)
	at app//org.junit.rules.RunRules.evaluate(RunRules.java:20)
	at app//com.carrotsearch.randomizedtesting.rules.StatementAdapter.evaluate(StatementAdapter.java:36)
	at app//com.carrotsearch.randomizedtesting.ThreadLeakControl$StatementRunner.run(ThreadLeakControl.java:368)
	at java.base@17.0.4.1/java.lang.Thread.run(Thread.java:833)
</failure>
  </testcase>
  <testcase name="testMultiPartWhere2" classname="org.opensearch.sql.legacy.QueryIT" time="0.036">
    <failure message="org.opensearch.client.ResponseException: method [POST], host [http://127.0.0.1:49776], URI [/_plugins/_sql?format=json], status line [HTTP/1.1 400 Bad Request]&#10;{&#10;  &quot;error&quot;: {&#10;    &quot;reason&quot;: &quot;Invalid SQL query&quot;,&#10;    &quot;details&quot;: &quot;Query is unsupported in the new engine&quot;,&#10;    &quot;type&quot;: &quot;SQLFeatureDisabledException&quot;&#10;  },&#10;  &quot;status&quot;: 400&#10;}" type="org.opensearch.client.ResponseException">org.opensearch.client.ResponseException: method [POST], host [http://127.0.0.1:49776], URI [/_plugins/_sql?format=json], status line [HTTP/1.1 400 Bad Request]
{
  &quot;error&quot;: {
    &quot;reason&quot;: &quot;Invalid SQL query&quot;,
    &quot;details&quot;: &quot;Query is unsupported in the new engine&quot;,
    &quot;type&quot;: &quot;SQLFeatureDisabledException&quot;
  },
  &quot;status&quot;: 400
}
	at __randomizedtesting.SeedInfo.seed([B058E8962C1F801C:796D0597DBF1AA46]:0)
	at app//org.opensearch.client.RestClient.convertResponse(RestClient.java:384)
	at app//org.opensearch.client.RestClient.performRequest(RestClient.java:354)
	at app//org.opensearch.client.RestClient.performRequest(RestClient.java:329)
	at app//org.opensearch.sql.legacy.SQLIntegTestCase.executeRequest(SQLIntegTestCase.java:327)
	at app//org.opensearch.sql.legacy.SQLIntegTestCase.executeRequest(SQLIntegTestCase.java:322)
	at app//org.opensearch.sql.legacy.SQLIntegTestCase.executeRequest(SQLIntegTestCase.java:310)
	at app//org.opensearch.sql.legacy.SQLIntegTestCase.executeQuery(SQLIntegTestCase.java:293)
	at app//org.opensearch.sql.legacy.QueryIT.testMultiPartWhere2(QueryIT.java:1127)
	at java.base@17.0.4.1/jdk.internal.reflect.NativeMethodAccessorImpl.invoke0(Native Method)
	at java.base@17.0.4.1/jdk.internal.reflect.NativeMethodAccessorImpl.invoke(NativeMethodAccessorImpl.java:77)
	at java.base@17.0.4.1/jdk.internal.reflect.DelegatingMethodAccessorImpl.invoke(DelegatingMethodAccessorImpl.java:43)
	at java.base@17.0.4.1/java.lang.reflect.Method.invoke(Method.java:568)
	at app//com.carrotsearch.randomizedtesting.RandomizedRunner.invoke(RandomizedRunner.java:1750)
	at app//com.carrotsearch.randomizedtesting.RandomizedRunner$8.evaluate(RandomizedRunner.java:938)
	at app//com.carrotsearch.randomizedtesting.RandomizedRunner$9.evaluate(RandomizedRunner.java:974)
	at app//com.carrotsearch.randomizedtesting.RandomizedRunner$10.evaluate(RandomizedRunner.java:988)
	at app//com.carrotsearch.randomizedtesting.rules.StatementAdapter.evaluate(StatementAdapter.java:36)
	at app//org.junit.rules.RunRules.evaluate(RunRules.java:20)
	at app//org.apache.lucene.tests.util.TestRuleSetupTeardownChained$1.evaluate(TestRuleSetupTeardownChained.java:48)
	at app//org.apache.lucene.tests.util.AbstractBeforeAfterRule$1.evaluate(AbstractBeforeAfterRule.java:43)
	at app//org.apache.lucene.tests.util.TestRuleThreadAndTestName$1.evaluate(TestRuleThreadAndTestName.java:45)
	at app//org.apache.lucene.tests.util.TestRuleIgnoreAfterMaxFailures$1.evaluate(TestRuleIgnoreAfterMaxFailures.java:60)
	at app//org.apache.lucene.tests.util.TestRuleMarkFailure$1.evaluate(TestRuleMarkFailure.java:44)
	at app//org.junit.rules.RunRules.evaluate(RunRules.java:20)
	at app//com.carrotsearch.randomizedtesting.rules.StatementAdapter.evaluate(StatementAdapter.java:36)
	at app//com.carrotsearch.randomizedtesting.ThreadLeakControl$StatementRunner.run(ThreadLeakControl.java:368)
	at app//com.carrotsearch.randomizedtesting.ThreadLeakControl.forkTimeoutingTask(ThreadLeakControl.java:817)
	at app//com.carrotsearch.randomizedtesting.ThreadLeakControl$3.evaluate(ThreadLeakControl.java:468)
	at app//com.carrotsearch.randomizedtesting.RandomizedRunner.runSingleTest(RandomizedRunner.java:947)
	at app//com.carrotsearch.randomizedtesting.RandomizedRunner$5.evaluate(RandomizedRunner.java:832)
	at app//com.carrotsearch.randomizedtesting.RandomizedRunner$6.evaluate(RandomizedRunner.java:883)
	at app//com.carrotsearch.randomizedtesting.RandomizedRunner$7.evaluate(RandomizedRunner.java:894)
	at app//org.apache.lucene.tests.util.AbstractBeforeAfterRule$1.evaluate(AbstractBeforeAfterRule.java:43)
	at app//com.carrotsearch.randomizedtesting.rules.StatementAdapter.evaluate(StatementAdapter.java:36)
	at app//org.apache.lucene.tests.util.TestRuleStoreClassName$1.evaluate(TestRuleStoreClassName.java:38)
	at app//com.carrotsearch.randomizedtesting.rules.NoShadowingOrOverridesOnMethodsRule$1.evaluate(NoShadowingOrOverridesOnMethodsRule.java:40)
	at app//com.carrotsearch.randomizedtesting.rules.NoShadowingOrOverridesOnMethodsRule$1.evaluate(NoShadowingOrOverridesOnMethodsRule.java:40)
	at app//com.carrotsearch.randomizedtesting.rules.StatementAdapter.evaluate(StatementAdapter.java:36)
	at app//com.carrotsearch.randomizedtesting.rules.StatementAdapter.evaluate(StatementAdapter.java:36)
	at app//org.apache.lucene.tests.util.TestRuleAssertionsRequired$1.evaluate(TestRuleAssertionsRequired.java:53)
	at app//org.apache.lucene.tests.util.AbstractBeforeAfterRule$1.evaluate(AbstractBeforeAfterRule.java:43)
	at app//org.apache.lucene.tests.util.TestRuleMarkFailure$1.evaluate(TestRuleMarkFailure.java:44)
	at app//org.apache.lucene.tests.util.TestRuleIgnoreAfterMaxFailures$1.evaluate(TestRuleIgnoreAfterMaxFailures.java:60)
	at app//org.apache.lucene.tests.util.TestRuleIgnoreTestSuites$1.evaluate(TestRuleIgnoreTestSuites.java:47)
	at app//org.junit.rules.RunRules.evaluate(RunRules.java:20)
	at app//com.carrotsearch.randomizedtesting.rules.StatementAdapter.evaluate(StatementAdapter.java:36)
	at app//com.carrotsearch.randomizedtesting.ThreadLeakControl$StatementRunner.run(ThreadLeakControl.java:368)
	at java.base@17.0.4.1/java.lang.Thread.run(Thread.java:833)
</failure>
  </testcase>
  <testcase name="notMissFilterSearch" classname="org.opensearch.sql.legacy.QueryIT" time="0.037">
    <failure message="org.opensearch.client.ResponseException: method [POST], host [http://127.0.0.1:49776], URI [/_plugins/_sql?format=json], status line [HTTP/1.1 400 Bad Request]&#10;{&#10;  &quot;error&quot;: {&#10;    &quot;reason&quot;: &quot;Invalid SQL query&quot;,&#10;    &quot;details&quot;: &quot;Query is unsupported in the new engine&quot;,&#10;    &quot;type&quot;: &quot;SQLFeatureDisabledException&quot;&#10;  },&#10;  &quot;status&quot;: 400&#10;}" type="org.opensearch.client.ResponseException">org.opensearch.client.ResponseException: method [POST], host [http://127.0.0.1:49776], URI [/_plugins/_sql?format=json], status line [HTTP/1.1 400 Bad Request]
{
  &quot;error&quot;: {
    &quot;reason&quot;: &quot;Invalid SQL query&quot;,
    &quot;details&quot;: &quot;Query is unsupported in the new engine&quot;,
    &quot;type&quot;: &quot;SQLFeatureDisabledException&quot;
  },
  &quot;status&quot;: 400
}
	at __randomizedtesting.SeedInfo.seed([B058E8962C1F801C:66DFCD055E843839]:0)
	at app//org.opensearch.client.RestClient.convertResponse(RestClient.java:384)
	at app//org.opensearch.client.RestClient.performRequest(RestClient.java:354)
	at app//org.opensearch.client.RestClient.performRequest(RestClient.java:329)
	at app//org.opensearch.sql.legacy.SQLIntegTestCase.executeRequest(SQLIntegTestCase.java:327)
	at app//org.opensearch.sql.legacy.SQLIntegTestCase.executeRequest(SQLIntegTestCase.java:322)
	at app//org.opensearch.sql.legacy.SQLIntegTestCase.executeRequest(SQLIntegTestCase.java:310)
	at app//org.opensearch.sql.legacy.SQLIntegTestCase.executeQuery(SQLIntegTestCase.java:293)
	at app//org.opensearch.sql.legacy.QueryIT.notMissFilterSearch(QueryIT.java:817)
	at java.base@17.0.4.1/jdk.internal.reflect.NativeMethodAccessorImpl.invoke0(Native Method)
	at java.base@17.0.4.1/jdk.internal.reflect.NativeMethodAccessorImpl.invoke(NativeMethodAccessorImpl.java:77)
	at java.base@17.0.4.1/jdk.internal.reflect.DelegatingMethodAccessorImpl.invoke(DelegatingMethodAccessorImpl.java:43)
	at java.base@17.0.4.1/java.lang.reflect.Method.invoke(Method.java:568)
	at app//com.carrotsearch.randomizedtesting.RandomizedRunner.invoke(RandomizedRunner.java:1750)
	at app//com.carrotsearch.randomizedtesting.RandomizedRunner$8.evaluate(RandomizedRunner.java:938)
	at app//com.carrotsearch.randomizedtesting.RandomizedRunner$9.evaluate(RandomizedRunner.java:974)
	at app//com.carrotsearch.randomizedtesting.RandomizedRunner$10.evaluate(RandomizedRunner.java:988)
	at app//com.carrotsearch.randomizedtesting.rules.StatementAdapter.evaluate(StatementAdapter.java:36)
	at app//org.junit.rules.RunRules.evaluate(RunRules.java:20)
	at app//org.apache.lucene.tests.util.TestRuleSetupTeardownChained$1.evaluate(TestRuleSetupTeardownChained.java:48)
	at app//org.apache.lucene.tests.util.AbstractBeforeAfterRule$1.evaluate(AbstractBeforeAfterRule.java:43)
	at app//org.apache.lucene.tests.util.TestRuleThreadAndTestName$1.evaluate(TestRuleThreadAndTestName.java:45)
	at app//org.apache.lucene.tests.util.TestRuleIgnoreAfterMaxFailures$1.evaluate(TestRuleIgnoreAfterMaxFailures.java:60)
	at app//org.apache.lucene.tests.util.TestRuleMarkFailure$1.evaluate(TestRuleMarkFailure.java:44)
	at app//org.junit.rules.RunRules.evaluate(RunRules.java:20)
	at app//com.carrotsearch.randomizedtesting.rules.StatementAdapter.evaluate(StatementAdapter.java:36)
	at app//com.carrotsearch.randomizedtesting.ThreadLeakControl$StatementRunner.run(ThreadLeakControl.java:368)
	at app//com.carrotsearch.randomizedtesting.ThreadLeakControl.forkTimeoutingTask(ThreadLeakControl.java:817)
	at app//com.carrotsearch.randomizedtesting.ThreadLeakControl$3.evaluate(ThreadLeakControl.java:468)
	at app//com.carrotsearch.randomizedtesting.RandomizedRunner.runSingleTest(RandomizedRunner.java:947)
	at app//com.carrotsearch.randomizedtesting.RandomizedRunner$5.evaluate(RandomizedRunner.java:832)
	at app//com.carrotsearch.randomizedtesting.RandomizedRunner$6.evaluate(RandomizedRunner.java:883)
	at app//com.carrotsearch.randomizedtesting.RandomizedRunner$7.evaluate(RandomizedRunner.java:894)
	at app//org.apache.lucene.tests.util.AbstractBeforeAfterRule$1.evaluate(AbstractBeforeAfterRule.java:43)
	at app//com.carrotsearch.randomizedtesting.rules.StatementAdapter.evaluate(StatementAdapter.java:36)
	at app//org.apache.lucene.tests.util.TestRuleStoreClassName$1.evaluate(TestRuleStoreClassName.java:38)
	at app//com.carrotsearch.randomizedtesting.rules.NoShadowingOrOverridesOnMethodsRule$1.evaluate(NoShadowingOrOverridesOnMethodsRule.java:40)
	at app//com.carrotsearch.randomizedtesting.rules.NoShadowingOrOverridesOnMethodsRule$1.evaluate(NoShadowingOrOverridesOnMethodsRule.java:40)
	at app//com.carrotsearch.randomizedtesting.rules.StatementAdapter.evaluate(StatementAdapter.java:36)
	at app//com.carrotsearch.randomizedtesting.rules.StatementAdapter.evaluate(StatementAdapter.java:36)
	at app//org.apache.lucene.tests.util.TestRuleAssertionsRequired$1.evaluate(TestRuleAssertionsRequired.java:53)
	at app//org.apache.lucene.tests.util.AbstractBeforeAfterRule$1.evaluate(AbstractBeforeAfterRule.java:43)
	at app//org.apache.lucene.tests.util.TestRuleMarkFailure$1.evaluate(TestRuleMarkFailure.java:44)
	at app//org.apache.lucene.tests.util.TestRuleIgnoreAfterMaxFailures$1.evaluate(TestRuleIgnoreAfterMaxFailures.java:60)
	at app//org.apache.lucene.tests.util.TestRuleIgnoreTestSuites$1.evaluate(TestRuleIgnoreTestSuites.java:47)
	at app//org.junit.rules.RunRules.evaluate(RunRules.java:20)
	at app//com.carrotsearch.randomizedtesting.rules.StatementAdapter.evaluate(StatementAdapter.java:36)
	at app//com.carrotsearch.randomizedtesting.ThreadLeakControl$StatementRunner.run(ThreadLeakControl.java:368)
	at java.base@17.0.4.1/java.lang.Thread.run(Thread.java:833)
</failure>
  </testcase>
  <testcase name="caseWhenJdbcResponseTest" classname="org.opensearch.sql.legacy.QueryIT" time="0.101"/>
  <testcase name="testWhereWithBoolEqualsFalse" classname="org.opensearch.sql.legacy.QueryIT" time="0.04">
    <failure message="org.opensearch.client.ResponseException: method [POST], host [http://127.0.0.1:49776], URI [/_plugins/_sql?format=json], status line [HTTP/1.1 400 Bad Request]&#10;{&#10;  &quot;error&quot;: {&#10;    &quot;reason&quot;: &quot;Invalid SQL query&quot;,&#10;    &quot;details&quot;: &quot;Query is unsupported in the new engine&quot;,&#10;    &quot;type&quot;: &quot;SQLFeatureDisabledException&quot;&#10;  },&#10;  &quot;status&quot;: 400&#10;}" type="org.opensearch.client.ResponseException">org.opensearch.client.ResponseException: method [POST], host [http://127.0.0.1:49776], URI [/_plugins/_sql?format=json], status line [HTTP/1.1 400 Bad Request]
{
  &quot;error&quot;: {
    &quot;reason&quot;: &quot;Invalid SQL query&quot;,
    &quot;details&quot;: &quot;Query is unsupported in the new engine&quot;,
    &quot;type&quot;: &quot;SQLFeatureDisabledException&quot;
  },
  &quot;status&quot;: 400
}
	at __randomizedtesting.SeedInfo.seed([B058E8962C1F801C:9DF798BB4137AF6F]:0)
	at app//org.opensearch.client.RestClient.convertResponse(RestClient.java:384)
	at app//org.opensearch.client.RestClient.performRequest(RestClient.java:354)
	at app//org.opensearch.client.RestClient.performRequest(RestClient.java:329)
	at app//org.opensearch.sql.legacy.SQLIntegTestCase.executeRequest(SQLIntegTestCase.java:327)
	at app//org.opensearch.sql.legacy.SQLIntegTestCase.executeRequest(SQLIntegTestCase.java:322)
	at app//org.opensearch.sql.legacy.SQLIntegTestCase.executeRequest(SQLIntegTestCase.java:310)
	at app//org.opensearch.sql.legacy.SQLIntegTestCase.executeQuery(SQLIntegTestCase.java:293)
	at app//org.opensearch.sql.legacy.QueryIT.testWhereWithBoolEqualsFalse(QueryIT.java:1041)
	at java.base@17.0.4.1/jdk.internal.reflect.NativeMethodAccessorImpl.invoke0(Native Method)
	at java.base@17.0.4.1/jdk.internal.reflect.NativeMethodAccessorImpl.invoke(NativeMethodAccessorImpl.java:77)
	at java.base@17.0.4.1/jdk.internal.reflect.DelegatingMethodAccessorImpl.invoke(DelegatingMethodAccessorImpl.java:43)
	at java.base@17.0.4.1/java.lang.reflect.Method.invoke(Method.java:568)
	at app//com.carrotsearch.randomizedtesting.RandomizedRunner.invoke(RandomizedRunner.java:1750)
	at app//com.carrotsearch.randomizedtesting.RandomizedRunner$8.evaluate(RandomizedRunner.java:938)
	at app//com.carrotsearch.randomizedtesting.RandomizedRunner$9.evaluate(RandomizedRunner.java:974)
	at app//com.carrotsearch.randomizedtesting.RandomizedRunner$10.evaluate(RandomizedRunner.java:988)
	at app//com.carrotsearch.randomizedtesting.rules.StatementAdapter.evaluate(StatementAdapter.java:36)
	at app//org.junit.rules.RunRules.evaluate(RunRules.java:20)
	at app//org.apache.lucene.tests.util.TestRuleSetupTeardownChained$1.evaluate(TestRuleSetupTeardownChained.java:48)
	at app//org.apache.lucene.tests.util.AbstractBeforeAfterRule$1.evaluate(AbstractBeforeAfterRule.java:43)
	at app//org.apache.lucene.tests.util.TestRuleThreadAndTestName$1.evaluate(TestRuleThreadAndTestName.java:45)
	at app//org.apache.lucene.tests.util.TestRuleIgnoreAfterMaxFailures$1.evaluate(TestRuleIgnoreAfterMaxFailures.java:60)
	at app//org.apache.lucene.tests.util.TestRuleMarkFailure$1.evaluate(TestRuleMarkFailure.java:44)
	at app//org.junit.rules.RunRules.evaluate(RunRules.java:20)
	at app//com.carrotsearch.randomizedtesting.rules.StatementAdapter.evaluate(StatementAdapter.java:36)
	at app//com.carrotsearch.randomizedtesting.ThreadLeakControl$StatementRunner.run(ThreadLeakControl.java:368)
	at app//com.carrotsearch.randomizedtesting.ThreadLeakControl.forkTimeoutingTask(ThreadLeakControl.java:817)
	at app//com.carrotsearch.randomizedtesting.ThreadLeakControl$3.evaluate(ThreadLeakControl.java:468)
	at app//com.carrotsearch.randomizedtesting.RandomizedRunner.runSingleTest(RandomizedRunner.java:947)
	at app//com.carrotsearch.randomizedtesting.RandomizedRunner$5.evaluate(RandomizedRunner.java:832)
	at app//com.carrotsearch.randomizedtesting.RandomizedRunner$6.evaluate(RandomizedRunner.java:883)
	at app//com.carrotsearch.randomizedtesting.RandomizedRunner$7.evaluate(RandomizedRunner.java:894)
	at app//org.apache.lucene.tests.util.AbstractBeforeAfterRule$1.evaluate(AbstractBeforeAfterRule.java:43)
	at app//com.carrotsearch.randomizedtesting.rules.StatementAdapter.evaluate(StatementAdapter.java:36)
	at app//org.apache.lucene.tests.util.TestRuleStoreClassName$1.evaluate(TestRuleStoreClassName.java:38)
	at app//com.carrotsearch.randomizedtesting.rules.NoShadowingOrOverridesOnMethodsRule$1.evaluate(NoShadowingOrOverridesOnMethodsRule.java:40)
	at app//com.carrotsearch.randomizedtesting.rules.NoShadowingOrOverridesOnMethodsRule$1.evaluate(NoShadowingOrOverridesOnMethodsRule.java:40)
	at app//com.carrotsearch.randomizedtesting.rules.StatementAdapter.evaluate(StatementAdapter.java:36)
	at app//com.carrotsearch.randomizedtesting.rules.StatementAdapter.evaluate(StatementAdapter.java:36)
	at app//org.apache.lucene.tests.util.TestRuleAssertionsRequired$1.evaluate(TestRuleAssertionsRequired.java:53)
	at app//org.apache.lucene.tests.util.AbstractBeforeAfterRule$1.evaluate(AbstractBeforeAfterRule.java:43)
	at app//org.apache.lucene.tests.util.TestRuleMarkFailure$1.evaluate(TestRuleMarkFailure.java:44)
	at app//org.apache.lucene.tests.util.TestRuleIgnoreAfterMaxFailures$1.evaluate(TestRuleIgnoreAfterMaxFailures.java:60)
	at app//org.apache.lucene.tests.util.TestRuleIgnoreTestSuites$1.evaluate(TestRuleIgnoreTestSuites.java:47)
	at app//org.junit.rules.RunRules.evaluate(RunRules.java:20)
	at app//com.carrotsearch.randomizedtesting.rules.StatementAdapter.evaluate(StatementAdapter.java:36)
	at app//com.carrotsearch.randomizedtesting.ThreadLeakControl$StatementRunner.run(ThreadLeakControl.java:368)
	at java.base@17.0.4.1/java.lang.Thread.run(Thread.java:833)
</failure>
  </testcase>
  <testcase name="termQueryWithNumber" classname="org.opensearch.sql.legacy.QueryIT" time="0.045">
    <failure message="org.opensearch.client.ResponseException: method [POST], host [http://127.0.0.1:49776], URI [/_plugins/_sql?format=json], status line [HTTP/1.1 400 Bad Request]&#10;{&#10;  &quot;error&quot;: {&#10;    &quot;reason&quot;: &quot;Invalid SQL query&quot;,&#10;    &quot;details&quot;: &quot;Query is unsupported in the new engine&quot;,&#10;    &quot;type&quot;: &quot;SQLFeatureDisabledException&quot;&#10;  },&#10;  &quot;status&quot;: 400&#10;}" type="org.opensearch.client.ResponseException">org.opensearch.client.ResponseException: method [POST], host [http://127.0.0.1:49776], URI [/_plugins/_sql?format=json], status line [HTTP/1.1 400 Bad Request]
{
  &quot;error&quot;: {
    &quot;reason&quot;: &quot;Invalid SQL query&quot;,
    &quot;details&quot;: &quot;Query is unsupported in the new engine&quot;,
    &quot;type&quot;: &quot;SQLFeatureDisabledException&quot;
  },
  &quot;status&quot;: 400
}
	at __randomizedtesting.SeedInfo.seed([B058E8962C1F801C:7B1BED2D5CAA826A]:0)
	at app//org.opensearch.client.RestClient.convertResponse(RestClient.java:384)
	at app//org.opensearch.client.RestClient.performRequest(RestClient.java:354)
	at app//org.opensearch.client.RestClient.performRequest(RestClient.java:329)
	at app//org.opensearch.sql.legacy.SQLIntegTestCase.executeRequest(SQLIntegTestCase.java:327)
	at app//org.opensearch.sql.legacy.SQLIntegTestCase.executeRequest(SQLIntegTestCase.java:322)
	at app//org.opensearch.sql.legacy.SQLIntegTestCase.executeRequest(SQLIntegTestCase.java:310)
	at app//org.opensearch.sql.legacy.SQLIntegTestCase.executeQuery(SQLIntegTestCase.java:293)
	at app//org.opensearch.sql.legacy.QueryIT.termQueryWithNumber(QueryIT.java:660)
	at java.base@17.0.4.1/jdk.internal.reflect.NativeMethodAccessorImpl.invoke0(Native Method)
	at java.base@17.0.4.1/jdk.internal.reflect.NativeMethodAccessorImpl.invoke(NativeMethodAccessorImpl.java:77)
	at java.base@17.0.4.1/jdk.internal.reflect.DelegatingMethodAccessorImpl.invoke(DelegatingMethodAccessorImpl.java:43)
	at java.base@17.0.4.1/java.lang.reflect.Method.invoke(Method.java:568)
	at app//com.carrotsearch.randomizedtesting.RandomizedRunner.invoke(RandomizedRunner.java:1750)
	at app//com.carrotsearch.randomizedtesting.RandomizedRunner$8.evaluate(RandomizedRunner.java:938)
	at app//com.carrotsearch.randomizedtesting.RandomizedRunner$9.evaluate(RandomizedRunner.java:974)
	at app//com.carrotsearch.randomizedtesting.RandomizedRunner$10.evaluate(RandomizedRunner.java:988)
	at app//com.carrotsearch.randomizedtesting.rules.StatementAdapter.evaluate(StatementAdapter.java:36)
	at app//org.junit.rules.RunRules.evaluate(RunRules.java:20)
	at app//org.apache.lucene.tests.util.TestRuleSetupTeardownChained$1.evaluate(TestRuleSetupTeardownChained.java:48)
	at app//org.apache.lucene.tests.util.AbstractBeforeAfterRule$1.evaluate(AbstractBeforeAfterRule.java:43)
	at app//org.apache.lucene.tests.util.TestRuleThreadAndTestName$1.evaluate(TestRuleThreadAndTestName.java:45)
	at app//org.apache.lucene.tests.util.TestRuleIgnoreAfterMaxFailures$1.evaluate(TestRuleIgnoreAfterMaxFailures.java:60)
	at app//org.apache.lucene.tests.util.TestRuleMarkFailure$1.evaluate(TestRuleMarkFailure.java:44)
	at app//org.junit.rules.RunRules.evaluate(RunRules.java:20)
	at app//com.carrotsearch.randomizedtesting.rules.StatementAdapter.evaluate(StatementAdapter.java:36)
	at app//com.carrotsearch.randomizedtesting.ThreadLeakControl$StatementRunner.run(ThreadLeakControl.java:368)
	at app//com.carrotsearch.randomizedtesting.ThreadLeakControl.forkTimeoutingTask(ThreadLeakControl.java:817)
	at app//com.carrotsearch.randomizedtesting.ThreadLeakControl$3.evaluate(ThreadLeakControl.java:468)
	at app//com.carrotsearch.randomizedtesting.RandomizedRunner.runSingleTest(RandomizedRunner.java:947)
	at app//com.carrotsearch.randomizedtesting.RandomizedRunner$5.evaluate(RandomizedRunner.java:832)
	at app//com.carrotsearch.randomizedtesting.RandomizedRunner$6.evaluate(RandomizedRunner.java:883)
	at app//com.carrotsearch.randomizedtesting.RandomizedRunner$7.evaluate(RandomizedRunner.java:894)
	at app//org.apache.lucene.tests.util.AbstractBeforeAfterRule$1.evaluate(AbstractBeforeAfterRule.java:43)
	at app//com.carrotsearch.randomizedtesting.rules.StatementAdapter.evaluate(StatementAdapter.java:36)
	at app//org.apache.lucene.tests.util.TestRuleStoreClassName$1.evaluate(TestRuleStoreClassName.java:38)
	at app//com.carrotsearch.randomizedtesting.rules.NoShadowingOrOverridesOnMethodsRule$1.evaluate(NoShadowingOrOverridesOnMethodsRule.java:40)
	at app//com.carrotsearch.randomizedtesting.rules.NoShadowingOrOverridesOnMethodsRule$1.evaluate(NoShadowingOrOverridesOnMethodsRule.java:40)
	at app//com.carrotsearch.randomizedtesting.rules.StatementAdapter.evaluate(StatementAdapter.java:36)
	at app//com.carrotsearch.randomizedtesting.rules.StatementAdapter.evaluate(StatementAdapter.java:36)
	at app//org.apache.lucene.tests.util.TestRuleAssertionsRequired$1.evaluate(TestRuleAssertionsRequired.java:53)
	at app//org.apache.lucene.tests.util.AbstractBeforeAfterRule$1.evaluate(AbstractBeforeAfterRule.java:43)
	at app//org.apache.lucene.tests.util.TestRuleMarkFailure$1.evaluate(TestRuleMarkFailure.java:44)
	at app//org.apache.lucene.tests.util.TestRuleIgnoreAfterMaxFailures$1.evaluate(TestRuleIgnoreAfterMaxFailures.java:60)
	at app//org.apache.lucene.tests.util.TestRuleIgnoreTestSuites$1.evaluate(TestRuleIgnoreTestSuites.java:47)
	at app//org.junit.rules.RunRules.evaluate(RunRules.java:20)
	at app//com.carrotsearch.randomizedtesting.rules.StatementAdapter.evaluate(StatementAdapter.java:36)
	at app//com.carrotsearch.randomizedtesting.ThreadLeakControl$StatementRunner.run(ThreadLeakControl.java:368)
	at java.base@17.0.4.1/java.lang.Thread.run(Thread.java:833)
</failure>
  </testcase>
  <testcase name="backticksQuotedAliasTest" classname="org.opensearch.sql.legacy.QueryIT" time="0.1"/>
  <testcase name="selectAliases" classname="org.opensearch.sql.legacy.QueryIT" time="0.0">
    <skipped/>
  </testcase>
  <testcase name="selectAllWithFieldAndGroupBy" classname="org.opensearch.sql.legacy.QueryIT" time="0.041">
    <failure message="org.opensearch.client.ResponseException: method [POST], host [http://127.0.0.1:49776], URI [/_plugins/_sql?format=json], status line [HTTP/1.1 400 Bad Request]&#10;{&#10;  &quot;error&quot;: {&#10;    &quot;reason&quot;: &quot;Invalid SQL query&quot;,&#10;    &quot;details&quot;: &quot;Query is unsupported in the new engine&quot;,&#10;    &quot;type&quot;: &quot;SQLFeatureDisabledException&quot;&#10;  },&#10;  &quot;status&quot;: 400&#10;}" type="org.opensearch.client.ResponseException">org.opensearch.client.ResponseException: method [POST], host [http://127.0.0.1:49776], URI [/_plugins/_sql?format=json], status line [HTTP/1.1 400 Bad Request]
{
  &quot;error&quot;: {
    &quot;reason&quot;: &quot;Invalid SQL query&quot;,
    &quot;details&quot;: &quot;Query is unsupported in the new engine&quot;,
    &quot;type&quot;: &quot;SQLFeatureDisabledException&quot;
  },
  &quot;status&quot;: 400
}
	at __randomizedtesting.SeedInfo.seed([B058E8962C1F801C:882E54B794C1C476]:0)
	at app//org.opensearch.client.RestClient.convertResponse(RestClient.java:384)
	at app//org.opensearch.client.RestClient.performRequest(RestClient.java:354)
	at app//org.opensearch.client.RestClient.performRequest(RestClient.java:329)
	at app//org.opensearch.sql.legacy.SQLIntegTestCase.executeRequest(SQLIntegTestCase.java:327)
	at app//org.opensearch.sql.legacy.SQLIntegTestCase.executeRequest(SQLIntegTestCase.java:322)
	at app//org.opensearch.sql.legacy.SQLIntegTestCase.executeRequest(SQLIntegTestCase.java:310)
	at app//org.opensearch.sql.legacy.SQLIntegTestCase.executeQuery(SQLIntegTestCase.java:293)
	at app//org.opensearch.sql.legacy.QueryIT.selectAllWithFieldAndGroupBy(QueryIT.java:156)
	at java.base@17.0.4.1/jdk.internal.reflect.NativeMethodAccessorImpl.invoke0(Native Method)
	at java.base@17.0.4.1/jdk.internal.reflect.NativeMethodAccessorImpl.invoke(NativeMethodAccessorImpl.java:77)
	at java.base@17.0.4.1/jdk.internal.reflect.DelegatingMethodAccessorImpl.invoke(DelegatingMethodAccessorImpl.java:43)
	at java.base@17.0.4.1/java.lang.reflect.Method.invoke(Method.java:568)
	at app//com.carrotsearch.randomizedtesting.RandomizedRunner.invoke(RandomizedRunner.java:1750)
	at app//com.carrotsearch.randomizedtesting.RandomizedRunner$8.evaluate(RandomizedRunner.java:938)
	at app//com.carrotsearch.randomizedtesting.RandomizedRunner$9.evaluate(RandomizedRunner.java:974)
	at app//com.carrotsearch.randomizedtesting.RandomizedRunner$10.evaluate(RandomizedRunner.java:988)
	at app//com.carrotsearch.randomizedtesting.rules.StatementAdapter.evaluate(StatementAdapter.java:36)
	at app//org.junit.rules.RunRules.evaluate(RunRules.java:20)
	at app//org.apache.lucene.tests.util.TestRuleSetupTeardownChained$1.evaluate(TestRuleSetupTeardownChained.java:48)
	at app//org.apache.lucene.tests.util.AbstractBeforeAfterRule$1.evaluate(AbstractBeforeAfterRule.java:43)
	at app//org.apache.lucene.tests.util.TestRuleThreadAndTestName$1.evaluate(TestRuleThreadAndTestName.java:45)
	at app//org.apache.lucene.tests.util.TestRuleIgnoreAfterMaxFailures$1.evaluate(TestRuleIgnoreAfterMaxFailures.java:60)
	at app//org.apache.lucene.tests.util.TestRuleMarkFailure$1.evaluate(TestRuleMarkFailure.java:44)
	at app//org.junit.rules.RunRules.evaluate(RunRules.java:20)
	at app//com.carrotsearch.randomizedtesting.rules.StatementAdapter.evaluate(StatementAdapter.java:36)
	at app//com.carrotsearch.randomizedtesting.ThreadLeakControl$StatementRunner.run(ThreadLeakControl.java:368)
	at app//com.carrotsearch.randomizedtesting.ThreadLeakControl.forkTimeoutingTask(ThreadLeakControl.java:817)
	at app//com.carrotsearch.randomizedtesting.ThreadLeakControl$3.evaluate(ThreadLeakControl.java:468)
	at app//com.carrotsearch.randomizedtesting.RandomizedRunner.runSingleTest(RandomizedRunner.java:947)
	at app//com.carrotsearch.randomizedtesting.RandomizedRunner$5.evaluate(RandomizedRunner.java:832)
	at app//com.carrotsearch.randomizedtesting.RandomizedRunner$6.evaluate(RandomizedRunner.java:883)
	at app//com.carrotsearch.randomizedtesting.RandomizedRunner$7.evaluate(RandomizedRunner.java:894)
	at app//org.apache.lucene.tests.util.AbstractBeforeAfterRule$1.evaluate(AbstractBeforeAfterRule.java:43)
	at app//com.carrotsearch.randomizedtesting.rules.StatementAdapter.evaluate(StatementAdapter.java:36)
	at app//org.apache.lucene.tests.util.TestRuleStoreClassName$1.evaluate(TestRuleStoreClassName.java:38)
	at app//com.carrotsearch.randomizedtesting.rules.NoShadowingOrOverridesOnMethodsRule$1.evaluate(NoShadowingOrOverridesOnMethodsRule.java:40)
	at app//com.carrotsearch.randomizedtesting.rules.NoShadowingOrOverridesOnMethodsRule$1.evaluate(NoShadowingOrOverridesOnMethodsRule.java:40)
	at app//com.carrotsearch.randomizedtesting.rules.StatementAdapter.evaluate(StatementAdapter.java:36)
	at app//com.carrotsearch.randomizedtesting.rules.StatementAdapter.evaluate(StatementAdapter.java:36)
	at app//org.apache.lucene.tests.util.TestRuleAssertionsRequired$1.evaluate(TestRuleAssertionsRequired.java:53)
	at app//org.apache.lucene.tests.util.AbstractBeforeAfterRule$1.evaluate(AbstractBeforeAfterRule.java:43)
	at app//org.apache.lucene.tests.util.TestRuleMarkFailure$1.evaluate(TestRuleMarkFailure.java:44)
	at app//org.apache.lucene.tests.util.TestRuleIgnoreAfterMaxFailures$1.evaluate(TestRuleIgnoreAfterMaxFailures.java:60)
	at app//org.apache.lucene.tests.util.TestRuleIgnoreTestSuites$1.evaluate(TestRuleIgnoreTestSuites.java:47)
	at app//org.junit.rules.RunRules.evaluate(RunRules.java:20)
	at app//com.carrotsearch.randomizedtesting.rules.StatementAdapter.evaluate(StatementAdapter.java:36)
	at app//com.carrotsearch.randomizedtesting.ThreadLeakControl$StatementRunner.run(ThreadLeakControl.java:368)
	at java.base@17.0.4.1/java.lang.Thread.run(Thread.java:833)
</failure>
  </testcase>
  <testcase name="nestedOnInQuery" classname="org.opensearch.sql.legacy.QueryIT" time="0.0">
    <skipped/>
  </testcase>
  <testcase name="inTest" classname="org.opensearch.sql.legacy.QueryIT" time="0.037">
    <failure message="org.opensearch.client.ResponseException: method [POST], host [http://127.0.0.1:49776], URI [/_plugins/_sql?format=json], status line [HTTP/1.1 400 Bad Request]&#10;{&#10;  &quot;error&quot;: {&#10;    &quot;reason&quot;: &quot;Invalid SQL query&quot;,&#10;    &quot;details&quot;: &quot;Query is unsupported in the new engine&quot;,&#10;    &quot;type&quot;: &quot;SQLFeatureDisabledException&quot;&#10;  },&#10;  &quot;status&quot;: 400&#10;}" type="org.opensearch.client.ResponseException">org.opensearch.client.ResponseException: method [POST], host [http://127.0.0.1:49776], URI [/_plugins/_sql?format=json], status line [HTTP/1.1 400 Bad Request]
{
  &quot;error&quot;: {
    &quot;reason&quot;: &quot;Invalid SQL query&quot;,
    &quot;details&quot;: &quot;Query is unsupported in the new engine&quot;,
    &quot;type&quot;: &quot;SQLFeatureDisabledException&quot;
  },
  &quot;status&quot;: 400
}
	at __randomizedtesting.SeedInfo.seed([B058E8962C1F801C:C8F873F44ED9C0C3]:0)
	at app//org.opensearch.client.RestClient.convertResponse(RestClient.java:384)
	at app//org.opensearch.client.RestClient.performRequest(RestClient.java:354)
	at app//org.opensearch.client.RestClient.performRequest(RestClient.java:329)
	at app//org.opensearch.sql.legacy.SQLIntegTestCase.executeRequest(SQLIntegTestCase.java:327)
	at app//org.opensearch.sql.legacy.SQLIntegTestCase.executeRequest(SQLIntegTestCase.java:322)
	at app//org.opensearch.sql.legacy.SQLIntegTestCase.executeRequest(SQLIntegTestCase.java:310)
	at app//org.opensearch.sql.legacy.SQLIntegTestCase.executeQuery(SQLIntegTestCase.java:293)
	at app//org.opensearch.sql.legacy.QueryIT.inTest(QueryIT.java:578)
	at java.base@17.0.4.1/jdk.internal.reflect.NativeMethodAccessorImpl.invoke0(Native Method)
	at java.base@17.0.4.1/jdk.internal.reflect.NativeMethodAccessorImpl.invoke(NativeMethodAccessorImpl.java:77)
	at java.base@17.0.4.1/jdk.internal.reflect.DelegatingMethodAccessorImpl.invoke(DelegatingMethodAccessorImpl.java:43)
	at java.base@17.0.4.1/java.lang.reflect.Method.invoke(Method.java:568)
	at app//com.carrotsearch.randomizedtesting.RandomizedRunner.invoke(RandomizedRunner.java:1750)
	at app//com.carrotsearch.randomizedtesting.RandomizedRunner$8.evaluate(RandomizedRunner.java:938)
	at app//com.carrotsearch.randomizedtesting.RandomizedRunner$9.evaluate(RandomizedRunner.java:974)
	at app//com.carrotsearch.randomizedtesting.RandomizedRunner$10.evaluate(RandomizedRunner.java:988)
	at app//com.carrotsearch.randomizedtesting.rules.StatementAdapter.evaluate(StatementAdapter.java:36)
	at app//org.junit.rules.RunRules.evaluate(RunRules.java:20)
	at app//org.apache.lucene.tests.util.TestRuleSetupTeardownChained$1.evaluate(TestRuleSetupTeardownChained.java:48)
	at app//org.apache.lucene.tests.util.AbstractBeforeAfterRule$1.evaluate(AbstractBeforeAfterRule.java:43)
	at app//org.apache.lucene.tests.util.TestRuleThreadAndTestName$1.evaluate(TestRuleThreadAndTestName.java:45)
	at app//org.apache.lucene.tests.util.TestRuleIgnoreAfterMaxFailures$1.evaluate(TestRuleIgnoreAfterMaxFailures.java:60)
	at app//org.apache.lucene.tests.util.TestRuleMarkFailure$1.evaluate(TestRuleMarkFailure.java:44)
	at app//org.junit.rules.RunRules.evaluate(RunRules.java:20)
	at app//com.carrotsearch.randomizedtesting.rules.StatementAdapter.evaluate(StatementAdapter.java:36)
	at app//com.carrotsearch.randomizedtesting.ThreadLeakControl$StatementRunner.run(ThreadLeakControl.java:368)
	at app//com.carrotsearch.randomizedtesting.ThreadLeakControl.forkTimeoutingTask(ThreadLeakControl.java:817)
	at app//com.carrotsearch.randomizedtesting.ThreadLeakControl$3.evaluate(ThreadLeakControl.java:468)
	at app//com.carrotsearch.randomizedtesting.RandomizedRunner.runSingleTest(RandomizedRunner.java:947)
	at app//com.carrotsearch.randomizedtesting.RandomizedRunner$5.evaluate(RandomizedRunner.java:832)
	at app//com.carrotsearch.randomizedtesting.RandomizedRunner$6.evaluate(RandomizedRunner.java:883)
	at app//com.carrotsearch.randomizedtesting.RandomizedRunner$7.evaluate(RandomizedRunner.java:894)
	at app//org.apache.lucene.tests.util.AbstractBeforeAfterRule$1.evaluate(AbstractBeforeAfterRule.java:43)
	at app//com.carrotsearch.randomizedtesting.rules.StatementAdapter.evaluate(StatementAdapter.java:36)
	at app//org.apache.lucene.tests.util.TestRuleStoreClassName$1.evaluate(TestRuleStoreClassName.java:38)
	at app//com.carrotsearch.randomizedtesting.rules.NoShadowingOrOverridesOnMethodsRule$1.evaluate(NoShadowingOrOverridesOnMethodsRule.java:40)
	at app//com.carrotsearch.randomizedtesting.rules.NoShadowingOrOverridesOnMethodsRule$1.evaluate(NoShadowingOrOverridesOnMethodsRule.java:40)
	at app//com.carrotsearch.randomizedtesting.rules.StatementAdapter.evaluate(StatementAdapter.java:36)
	at app//com.carrotsearch.randomizedtesting.rules.StatementAdapter.evaluate(StatementAdapter.java:36)
	at app//org.apache.lucene.tests.util.TestRuleAssertionsRequired$1.evaluate(TestRuleAssertionsRequired.java:53)
	at app//org.apache.lucene.tests.util.AbstractBeforeAfterRule$1.evaluate(AbstractBeforeAfterRule.java:43)
	at app//org.apache.lucene.tests.util.TestRuleMarkFailure$1.evaluate(TestRuleMarkFailure.java:44)
	at app//org.apache.lucene.tests.util.TestRuleIgnoreAfterMaxFailures$1.evaluate(TestRuleIgnoreAfterMaxFailures.java:60)
	at app//org.apache.lucene.tests.util.TestRuleIgnoreTestSuites$1.evaluate(TestRuleIgnoreTestSuites.java:47)
	at app//org.junit.rules.RunRules.evaluate(RunRules.java:20)
	at app//com.carrotsearch.randomizedtesting.rules.StatementAdapter.evaluate(StatementAdapter.java:36)
	at app//com.carrotsearch.randomizedtesting.ThreadLeakControl$StatementRunner.run(ThreadLeakControl.java:368)
	at java.base@17.0.4.1/java.lang.Thread.run(Thread.java:833)
</failure>
  </testcase>
  <testcase name="orderByAscFieldWithSpaceTest" classname="org.opensearch.sql.legacy.QueryIT" time="0.034">
    <failure message="org.opensearch.client.ResponseException: method [POST], host [http://127.0.0.1:49776], URI [/_plugins/_sql?format=json], status line [HTTP/1.1 400 Bad Request]&#10;{&#10;  &quot;error&quot;: {&#10;    &quot;reason&quot;: &quot;Invalid SQL query&quot;,&#10;    &quot;details&quot;: &quot;Query is unsupported in the new engine&quot;,&#10;    &quot;type&quot;: &quot;SQLFeatureDisabledException&quot;&#10;  },&#10;  &quot;status&quot;: 400&#10;}" type="org.opensearch.client.ResponseException">org.opensearch.client.ResponseException: method [POST], host [http://127.0.0.1:49776], URI [/_plugins/_sql?format=json], status line [HTTP/1.1 400 Bad Request]
{
  &quot;error&quot;: {
    &quot;reason&quot;: &quot;Invalid SQL query&quot;,
    &quot;details&quot;: &quot;Query is unsupported in the new engine&quot;,
    &quot;type&quot;: &quot;SQLFeatureDisabledException&quot;
  },
  &quot;status&quot;: 400
}
	at __randomizedtesting.SeedInfo.seed([B058E8962C1F801C:6EA0B5DC2E36D140]:0)
	at app//org.opensearch.client.RestClient.convertResponse(RestClient.java:384)
	at app//org.opensearch.client.RestClient.performRequest(RestClient.java:354)
	at app//org.opensearch.client.RestClient.performRequest(RestClient.java:329)
	at app//org.opensearch.sql.legacy.SQLIntegTestCase.executeRequest(SQLIntegTestCase.java:327)
	at app//org.opensearch.sql.legacy.SQLIntegTestCase.executeRequest(SQLIntegTestCase.java:322)
	at app//org.opensearch.sql.legacy.SQLIntegTestCase.executeRequest(SQLIntegTestCase.java:310)
	at app//org.opensearch.sql.legacy.SQLIntegTestCase.executeQuery(SQLIntegTestCase.java:293)
	at app//org.opensearch.sql.legacy.QueryIT.orderByAscFieldWithSpaceTest(QueryIT.java:943)
	at java.base@17.0.4.1/jdk.internal.reflect.NativeMethodAccessorImpl.invoke0(Native Method)
	at java.base@17.0.4.1/jdk.internal.reflect.NativeMethodAccessorImpl.invoke(NativeMethodAccessorImpl.java:77)
	at java.base@17.0.4.1/jdk.internal.reflect.DelegatingMethodAccessorImpl.invoke(DelegatingMethodAccessorImpl.java:43)
	at java.base@17.0.4.1/java.lang.reflect.Method.invoke(Method.java:568)
	at app//com.carrotsearch.randomizedtesting.RandomizedRunner.invoke(RandomizedRunner.java:1750)
	at app//com.carrotsearch.randomizedtesting.RandomizedRunner$8.evaluate(RandomizedRunner.java:938)
	at app//com.carrotsearch.randomizedtesting.RandomizedRunner$9.evaluate(RandomizedRunner.java:974)
	at app//com.carrotsearch.randomizedtesting.RandomizedRunner$10.evaluate(RandomizedRunner.java:988)
	at app//com.carrotsearch.randomizedtesting.rules.StatementAdapter.evaluate(StatementAdapter.java:36)
	at app//org.junit.rules.RunRules.evaluate(RunRules.java:20)
	at app//org.apache.lucene.tests.util.TestRuleSetupTeardownChained$1.evaluate(TestRuleSetupTeardownChained.java:48)
	at app//org.apache.lucene.tests.util.AbstractBeforeAfterRule$1.evaluate(AbstractBeforeAfterRule.java:43)
	at app//org.apache.lucene.tests.util.TestRuleThreadAndTestName$1.evaluate(TestRuleThreadAndTestName.java:45)
	at app//org.apache.lucene.tests.util.TestRuleIgnoreAfterMaxFailures$1.evaluate(TestRuleIgnoreAfterMaxFailures.java:60)
	at app//org.apache.lucene.tests.util.TestRuleMarkFailure$1.evaluate(TestRuleMarkFailure.java:44)
	at app//org.junit.rules.RunRules.evaluate(RunRules.java:20)
	at app//com.carrotsearch.randomizedtesting.rules.StatementAdapter.evaluate(StatementAdapter.java:36)
	at app//com.carrotsearch.randomizedtesting.ThreadLeakControl$StatementRunner.run(ThreadLeakControl.java:368)
	at app//com.carrotsearch.randomizedtesting.ThreadLeakControl.forkTimeoutingTask(ThreadLeakControl.java:817)
	at app//com.carrotsearch.randomizedtesting.ThreadLeakControl$3.evaluate(ThreadLeakControl.java:468)
	at app//com.carrotsearch.randomizedtesting.RandomizedRunner.runSingleTest(RandomizedRunner.java:947)
	at app//com.carrotsearch.randomizedtesting.RandomizedRunner$5.evaluate(RandomizedRunner.java:832)
	at app//com.carrotsearch.randomizedtesting.RandomizedRunner$6.evaluate(RandomizedRunner.java:883)
	at app//com.carrotsearch.randomizedtesting.RandomizedRunner$7.evaluate(RandomizedRunner.java:894)
	at app//org.apache.lucene.tests.util.AbstractBeforeAfterRule$1.evaluate(AbstractBeforeAfterRule.java:43)
	at app//com.carrotsearch.randomizedtesting.rules.StatementAdapter.evaluate(StatementAdapter.java:36)
	at app//org.apache.lucene.tests.util.TestRuleStoreClassName$1.evaluate(TestRuleStoreClassName.java:38)
	at app//com.carrotsearch.randomizedtesting.rules.NoShadowingOrOverridesOnMethodsRule$1.evaluate(NoShadowingOrOverridesOnMethodsRule.java:40)
	at app//com.carrotsearch.randomizedtesting.rules.NoShadowingOrOverridesOnMethodsRule$1.evaluate(NoShadowingOrOverridesOnMethodsRule.java:40)
	at app//com.carrotsearch.randomizedtesting.rules.StatementAdapter.evaluate(StatementAdapter.java:36)
	at app//com.carrotsearch.randomizedtesting.rules.StatementAdapter.evaluate(StatementAdapter.java:36)
	at app//org.apache.lucene.tests.util.TestRuleAssertionsRequired$1.evaluate(TestRuleAssertionsRequired.java:53)
	at app//org.apache.lucene.tests.util.AbstractBeforeAfterRule$1.evaluate(AbstractBeforeAfterRule.java:43)
	at app//org.apache.lucene.tests.util.TestRuleMarkFailure$1.evaluate(TestRuleMarkFailure.java:44)
	at app//org.apache.lucene.tests.util.TestRuleIgnoreAfterMaxFailures$1.evaluate(TestRuleIgnoreAfterMaxFailures.java:60)
	at app//org.apache.lucene.tests.util.TestRuleIgnoreTestSuites$1.evaluate(TestRuleIgnoreTestSuites.java:47)
	at app//org.junit.rules.RunRules.evaluate(RunRules.java:20)
	at app//com.carrotsearch.randomizedtesting.rules.StatementAdapter.evaluate(StatementAdapter.java:36)
	at app//com.carrotsearch.randomizedtesting.ThreadLeakControl$StatementRunner.run(ThreadLeakControl.java:368)
	at java.base@17.0.4.1/java.lang.Thread.run(Thread.java:833)
</failure>
  </testcase>
  <testcase name="testWhereWithBoolIsNotFalse" classname="org.opensearch.sql.legacy.QueryIT" time="0.04">
    <failure message="org.opensearch.client.ResponseException: method [POST], host [http://127.0.0.1:49776], URI [/_plugins/_sql?format=json], status line [HTTP/1.1 400 Bad Request]&#10;{&#10;  &quot;error&quot;: {&#10;    &quot;reason&quot;: &quot;Invalid SQL query&quot;,&#10;    &quot;details&quot;: &quot;Query is unsupported in the new engine&quot;,&#10;    &quot;type&quot;: &quot;SQLFeatureDisabledException&quot;&#10;  },&#10;  &quot;status&quot;: 400&#10;}" type="org.opensearch.client.ResponseException">org.opensearch.client.ResponseException: method [POST], host [http://127.0.0.1:49776], URI [/_plugins/_sql?format=json], status line [HTTP/1.1 400 Bad Request]
{
  &quot;error&quot;: {
    &quot;reason&quot;: &quot;Invalid SQL query&quot;,
    &quot;details&quot;: &quot;Query is unsupported in the new engine&quot;,
    &quot;type&quot;: &quot;SQLFeatureDisabledException&quot;
  },
  &quot;status&quot;: 400
}
	at __randomizedtesting.SeedInfo.seed([B058E8962C1F801C:9B0B8B85DD565AD4]:0)
	at app//org.opensearch.client.RestClient.convertResponse(RestClient.java:384)
	at app//org.opensearch.client.RestClient.performRequest(RestClient.java:354)
	at app//org.opensearch.client.RestClient.performRequest(RestClient.java:329)
	at app//org.opensearch.sql.legacy.SQLIntegTestCase.executeRequest(SQLIntegTestCase.java:327)
	at app//org.opensearch.sql.legacy.SQLIntegTestCase.executeRequest(SQLIntegTestCase.java:322)
	at app//org.opensearch.sql.legacy.SQLIntegTestCase.executeRequest(SQLIntegTestCase.java:310)
	at app//org.opensearch.sql.legacy.SQLIntegTestCase.executeQuery(SQLIntegTestCase.java:293)
	at app//org.opensearch.sql.legacy.QueryIT.testWhereWithBoolIsNotFalse(QueryIT.java:1100)
	at java.base@17.0.4.1/jdk.internal.reflect.NativeMethodAccessorImpl.invoke0(Native Method)
	at java.base@17.0.4.1/jdk.internal.reflect.NativeMethodAccessorImpl.invoke(NativeMethodAccessorImpl.java:77)
	at java.base@17.0.4.1/jdk.internal.reflect.DelegatingMethodAccessorImpl.invoke(DelegatingMethodAccessorImpl.java:43)
	at java.base@17.0.4.1/java.lang.reflect.Method.invoke(Method.java:568)
	at app//com.carrotsearch.randomizedtesting.RandomizedRunner.invoke(RandomizedRunner.java:1750)
	at app//com.carrotsearch.randomizedtesting.RandomizedRunner$8.evaluate(RandomizedRunner.java:938)
	at app//com.carrotsearch.randomizedtesting.RandomizedRunner$9.evaluate(RandomizedRunner.java:974)
	at app//com.carrotsearch.randomizedtesting.RandomizedRunner$10.evaluate(RandomizedRunner.java:988)
	at app//com.carrotsearch.randomizedtesting.rules.StatementAdapter.evaluate(StatementAdapter.java:36)
	at app//org.junit.rules.RunRules.evaluate(RunRules.java:20)
	at app//org.apache.lucene.tests.util.TestRuleSetupTeardownChained$1.evaluate(TestRuleSetupTeardownChained.java:48)
	at app//org.apache.lucene.tests.util.AbstractBeforeAfterRule$1.evaluate(AbstractBeforeAfterRule.java:43)
	at app//org.apache.lucene.tests.util.TestRuleThreadAndTestName$1.evaluate(TestRuleThreadAndTestName.java:45)
	at app//org.apache.lucene.tests.util.TestRuleIgnoreAfterMaxFailures$1.evaluate(TestRuleIgnoreAfterMaxFailures.java:60)
	at app//org.apache.lucene.tests.util.TestRuleMarkFailure$1.evaluate(TestRuleMarkFailure.java:44)
	at app//org.junit.rules.RunRules.evaluate(RunRules.java:20)
	at app//com.carrotsearch.randomizedtesting.rules.StatementAdapter.evaluate(StatementAdapter.java:36)
	at app//com.carrotsearch.randomizedtesting.ThreadLeakControl$StatementRunner.run(ThreadLeakControl.java:368)
	at app//com.carrotsearch.randomizedtesting.ThreadLeakControl.forkTimeoutingTask(ThreadLeakControl.java:817)
	at app//com.carrotsearch.randomizedtesting.ThreadLeakControl$3.evaluate(ThreadLeakControl.java:468)
	at app//com.carrotsearch.randomizedtesting.RandomizedRunner.runSingleTest(RandomizedRunner.java:947)
	at app//com.carrotsearch.randomizedtesting.RandomizedRunner$5.evaluate(RandomizedRunner.java:832)
	at app//com.carrotsearch.randomizedtesting.RandomizedRunner$6.evaluate(RandomizedRunner.java:883)
	at app//com.carrotsearch.randomizedtesting.RandomizedRunner$7.evaluate(RandomizedRunner.java:894)
	at app//org.apache.lucene.tests.util.AbstractBeforeAfterRule$1.evaluate(AbstractBeforeAfterRule.java:43)
	at app//com.carrotsearch.randomizedtesting.rules.StatementAdapter.evaluate(StatementAdapter.java:36)
	at app//org.apache.lucene.tests.util.TestRuleStoreClassName$1.evaluate(TestRuleStoreClassName.java:38)
	at app//com.carrotsearch.randomizedtesting.rules.NoShadowingOrOverridesOnMethodsRule$1.evaluate(NoShadowingOrOverridesOnMethodsRule.java:40)
	at app//com.carrotsearch.randomizedtesting.rules.NoShadowingOrOverridesOnMethodsRule$1.evaluate(NoShadowingOrOverridesOnMethodsRule.java:40)
	at app//com.carrotsearch.randomizedtesting.rules.StatementAdapter.evaluate(StatementAdapter.java:36)
	at app//com.carrotsearch.randomizedtesting.rules.StatementAdapter.evaluate(StatementAdapter.java:36)
	at app//org.apache.lucene.tests.util.TestRuleAssertionsRequired$1.evaluate(TestRuleAssertionsRequired.java:53)
	at app//org.apache.lucene.tests.util.AbstractBeforeAfterRule$1.evaluate(AbstractBeforeAfterRule.java:43)
	at app//org.apache.lucene.tests.util.TestRuleMarkFailure$1.evaluate(TestRuleMarkFailure.java:44)
	at app//org.apache.lucene.tests.util.TestRuleIgnoreAfterMaxFailures$1.evaluate(TestRuleIgnoreAfterMaxFailures.java:60)
	at app//org.apache.lucene.tests.util.TestRuleIgnoreTestSuites$1.evaluate(TestRuleIgnoreTestSuites.java:47)
	at app//org.junit.rules.RunRules.evaluate(RunRules.java:20)
	at app//com.carrotsearch.randomizedtesting.rules.StatementAdapter.evaluate(StatementAdapter.java:36)
	at app//com.carrotsearch.randomizedtesting.ThreadLeakControl$StatementRunner.run(ThreadLeakControl.java:368)
	at java.base@17.0.4.1/java.lang.Thread.run(Thread.java:833)
</failure>
  </testcase>
  <testcase name="idsQuerySubQueryIds" classname="org.opensearch.sql.legacy.QueryIT" time="0.0">
    <skipped/>
  </testcase>
  <testcase name="functionCallWithIllegalScriptShouldThrowESExceptionInJdbc" classname="org.opensearch.sql.legacy.QueryIT" time="0.0">
    <skipped/>
  </testcase>
  <testcase name="likeTest" classname="org.opensearch.sql.legacy.QueryIT" time="0.043">
    <failure message="org.opensearch.client.ResponseException: method [POST], host [http://127.0.0.1:49776], URI [/_plugins/_sql?format=json], status line [HTTP/1.1 400 Bad Request]&#10;{&#10;  &quot;error&quot;: {&#10;    &quot;reason&quot;: &quot;Invalid SQL query&quot;,&#10;    &quot;details&quot;: &quot;Query is unsupported in the new engine&quot;,&#10;    &quot;type&quot;: &quot;SQLFeatureDisabledException&quot;&#10;  },&#10;  &quot;status&quot;: 400&#10;}" type="org.opensearch.client.ResponseException">org.opensearch.client.ResponseException: method [POST], host [http://127.0.0.1:49776], URI [/_plugins/_sql?format=json], status line [HTTP/1.1 400 Bad Request]
{
  &quot;error&quot;: {
    &quot;reason&quot;: &quot;Invalid SQL query&quot;,
    &quot;details&quot;: &quot;Query is unsupported in the new engine&quot;,
    &quot;type&quot;: &quot;SQLFeatureDisabledException&quot;
  },
  &quot;status&quot;: 400
}
	at __randomizedtesting.SeedInfo.seed([B058E8962C1F801C:657570CCAF41C423]:0)
	at app//org.opensearch.client.RestClient.convertResponse(RestClient.java:384)
	at app//org.opensearch.client.RestClient.performRequest(RestClient.java:354)
	at app//org.opensearch.client.RestClient.performRequest(RestClient.java:329)
	at app//org.opensearch.sql.legacy.SQLIntegTestCase.executeRequest(SQLIntegTestCase.java:327)
	at app//org.opensearch.sql.legacy.SQLIntegTestCase.executeRequest(SQLIntegTestCase.java:322)
	at app//org.opensearch.sql.legacy.SQLIntegTestCase.executeRequest(SQLIntegTestCase.java:310)
	at app//org.opensearch.sql.legacy.SQLIntegTestCase.executeQuery(SQLIntegTestCase.java:293)
	at app//org.opensearch.sql.legacy.QueryIT.likeTest(QueryIT.java:434)
	at java.base@17.0.4.1/jdk.internal.reflect.NativeMethodAccessorImpl.invoke0(Native Method)
	at java.base@17.0.4.1/jdk.internal.reflect.NativeMethodAccessorImpl.invoke(NativeMethodAccessorImpl.java:77)
	at java.base@17.0.4.1/jdk.internal.reflect.DelegatingMethodAccessorImpl.invoke(DelegatingMethodAccessorImpl.java:43)
	at java.base@17.0.4.1/java.lang.reflect.Method.invoke(Method.java:568)
	at app//com.carrotsearch.randomizedtesting.RandomizedRunner.invoke(RandomizedRunner.java:1750)
	at app//com.carrotsearch.randomizedtesting.RandomizedRunner$8.evaluate(RandomizedRunner.java:938)
	at app//com.carrotsearch.randomizedtesting.RandomizedRunner$9.evaluate(RandomizedRunner.java:974)
	at app//com.carrotsearch.randomizedtesting.RandomizedRunner$10.evaluate(RandomizedRunner.java:988)
	at app//com.carrotsearch.randomizedtesting.rules.StatementAdapter.evaluate(StatementAdapter.java:36)
	at app//org.junit.rules.RunRules.evaluate(RunRules.java:20)
	at app//org.apache.lucene.tests.util.TestRuleSetupTeardownChained$1.evaluate(TestRuleSetupTeardownChained.java:48)
	at app//org.apache.lucene.tests.util.AbstractBeforeAfterRule$1.evaluate(AbstractBeforeAfterRule.java:43)
	at app//org.apache.lucene.tests.util.TestRuleThreadAndTestName$1.evaluate(TestRuleThreadAndTestName.java:45)
	at app//org.apache.lucene.tests.util.TestRuleIgnoreAfterMaxFailures$1.evaluate(TestRuleIgnoreAfterMaxFailures.java:60)
	at app//org.apache.lucene.tests.util.TestRuleMarkFailure$1.evaluate(TestRuleMarkFailure.java:44)
	at app//org.junit.rules.RunRules.evaluate(RunRules.java:20)
	at app//com.carrotsearch.randomizedtesting.rules.StatementAdapter.evaluate(StatementAdapter.java:36)
	at app//com.carrotsearch.randomizedtesting.ThreadLeakControl$StatementRunner.run(ThreadLeakControl.java:368)
	at app//com.carrotsearch.randomizedtesting.ThreadLeakControl.forkTimeoutingTask(ThreadLeakControl.java:817)
	at app//com.carrotsearch.randomizedtesting.ThreadLeakControl$3.evaluate(ThreadLeakControl.java:468)
	at app//com.carrotsearch.randomizedtesting.RandomizedRunner.runSingleTest(RandomizedRunner.java:947)
	at app//com.carrotsearch.randomizedtesting.RandomizedRunner$5.evaluate(RandomizedRunner.java:832)
	at app//com.carrotsearch.randomizedtesting.RandomizedRunner$6.evaluate(RandomizedRunner.java:883)
	at app//com.carrotsearch.randomizedtesting.RandomizedRunner$7.evaluate(RandomizedRunner.java:894)
	at app//org.apache.lucene.tests.util.AbstractBeforeAfterRule$1.evaluate(AbstractBeforeAfterRule.java:43)
	at app//com.carrotsearch.randomizedtesting.rules.StatementAdapter.evaluate(StatementAdapter.java:36)
	at app//org.apache.lucene.tests.util.TestRuleStoreClassName$1.evaluate(TestRuleStoreClassName.java:38)
	at app//com.carrotsearch.randomizedtesting.rules.NoShadowingOrOverridesOnMethodsRule$1.evaluate(NoShadowingOrOverridesOnMethodsRule.java:40)
	at app//com.carrotsearch.randomizedtesting.rules.NoShadowingOrOverridesOnMethodsRule$1.evaluate(NoShadowingOrOverridesOnMethodsRule.java:40)
	at app//com.carrotsearch.randomizedtesting.rules.StatementAdapter.evaluate(StatementAdapter.java:36)
	at app//com.carrotsearch.randomizedtesting.rules.StatementAdapter.evaluate(StatementAdapter.java:36)
	at app//org.apache.lucene.tests.util.TestRuleAssertionsRequired$1.evaluate(TestRuleAssertionsRequired.java:53)
	at app//org.apache.lucene.tests.util.AbstractBeforeAfterRule$1.evaluate(AbstractBeforeAfterRule.java:43)
	at app//org.apache.lucene.tests.util.TestRuleMarkFailure$1.evaluate(TestRuleMarkFailure.java:44)
	at app//org.apache.lucene.tests.util.TestRuleIgnoreAfterMaxFailures$1.evaluate(TestRuleIgnoreAfterMaxFailures.java:60)
	at app//org.apache.lucene.tests.util.TestRuleIgnoreTestSuites$1.evaluate(TestRuleIgnoreTestSuites.java:47)
	at app//org.junit.rules.RunRules.evaluate(RunRules.java:20)
	at app//com.carrotsearch.randomizedtesting.rules.StatementAdapter.evaluate(StatementAdapter.java:36)
	at app//com.carrotsearch.randomizedtesting.ThreadLeakControl$StatementRunner.run(ThreadLeakControl.java:368)
	at java.base@17.0.4.1/java.lang.Thread.run(Thread.java:833)
</failure>
  </testcase>
  <testcase name="backticksQuotedAliasWithSpecialCharactersTest" classname="org.opensearch.sql.legacy.QueryIT" time="0.055"/>
  <testcase name="searchTypeTest" classname="org.opensearch.sql.legacy.QueryIT" time="0.035">
    <failure message="org.opensearch.client.ResponseException: method [POST], host [http://[::1]:49775], URI [/_plugins/_sql?format=json], status line [HTTP/1.1 400 Bad Request]&#10;{&#10;  &quot;error&quot;: {&#10;    &quot;reason&quot;: &quot;Invalid SQL query&quot;,&#10;    &quot;details&quot;: &quot;Query is unsupported in the new engine&quot;,&#10;    &quot;type&quot;: &quot;SQLFeatureDisabledException&quot;&#10;  },&#10;  &quot;status&quot;: 400&#10;}" type="org.opensearch.client.ResponseException">org.opensearch.client.ResponseException: method [POST], host [http://[::1]:49775], URI [/_plugins/_sql?format=json], status line [HTTP/1.1 400 Bad Request]
{
  &quot;error&quot;: {
    &quot;reason&quot;: &quot;Invalid SQL query&quot;,
    &quot;details&quot;: &quot;Query is unsupported in the new engine&quot;,
    &quot;type&quot;: &quot;SQLFeatureDisabledException&quot;
  },
  &quot;status&quot;: 400
}
	at __randomizedtesting.SeedInfo.seed([B058E8962C1F801C:E40269177AC9DF27]:0)
	at app//org.opensearch.client.RestClient.convertResponse(RestClient.java:384)
	at app//org.opensearch.client.RestClient.performRequest(RestClient.java:354)
	at app//org.opensearch.client.RestClient.performRequest(RestClient.java:329)
	at app//org.opensearch.sql.legacy.SQLIntegTestCase.executeRequest(SQLIntegTestCase.java:327)
	at app//org.opensearch.sql.legacy.SQLIntegTestCase.executeRequest(SQLIntegTestCase.java:322)
	at app//org.opensearch.sql.legacy.SQLIntegTestCase.executeRequest(SQLIntegTestCase.java:310)
	at app//org.opensearch.sql.legacy.SQLIntegTestCase.executeQuery(SQLIntegTestCase.java:293)
	at app//org.opensearch.sql.legacy.QueryIT.searchTypeTest(QueryIT.java:90)
	at java.base@17.0.4.1/jdk.internal.reflect.NativeMethodAccessorImpl.invoke0(Native Method)
	at java.base@17.0.4.1/jdk.internal.reflect.NativeMethodAccessorImpl.invoke(NativeMethodAccessorImpl.java:77)
	at java.base@17.0.4.1/jdk.internal.reflect.DelegatingMethodAccessorImpl.invoke(DelegatingMethodAccessorImpl.java:43)
	at java.base@17.0.4.1/java.lang.reflect.Method.invoke(Method.java:568)
	at app//com.carrotsearch.randomizedtesting.RandomizedRunner.invoke(RandomizedRunner.java:1750)
	at app//com.carrotsearch.randomizedtesting.RandomizedRunner$8.evaluate(RandomizedRunner.java:938)
	at app//com.carrotsearch.randomizedtesting.RandomizedRunner$9.evaluate(RandomizedRunner.java:974)
	at app//com.carrotsearch.randomizedtesting.RandomizedRunner$10.evaluate(RandomizedRunner.java:988)
	at app//com.carrotsearch.randomizedtesting.rules.StatementAdapter.evaluate(StatementAdapter.java:36)
	at app//org.junit.rules.RunRules.evaluate(RunRules.java:20)
	at app//org.apache.lucene.tests.util.TestRuleSetupTeardownChained$1.evaluate(TestRuleSetupTeardownChained.java:48)
	at app//org.apache.lucene.tests.util.AbstractBeforeAfterRule$1.evaluate(AbstractBeforeAfterRule.java:43)
	at app//org.apache.lucene.tests.util.TestRuleThreadAndTestName$1.evaluate(TestRuleThreadAndTestName.java:45)
	at app//org.apache.lucene.tests.util.TestRuleIgnoreAfterMaxFailures$1.evaluate(TestRuleIgnoreAfterMaxFailures.java:60)
	at app//org.apache.lucene.tests.util.TestRuleMarkFailure$1.evaluate(TestRuleMarkFailure.java:44)
	at app//org.junit.rules.RunRules.evaluate(RunRules.java:20)
	at app//com.carrotsearch.randomizedtesting.rules.StatementAdapter.evaluate(StatementAdapter.java:36)
	at app//com.carrotsearch.randomizedtesting.ThreadLeakControl$StatementRunner.run(ThreadLeakControl.java:368)
	at app//com.carrotsearch.randomizedtesting.ThreadLeakControl.forkTimeoutingTask(ThreadLeakControl.java:817)
	at app//com.carrotsearch.randomizedtesting.ThreadLeakControl$3.evaluate(ThreadLeakControl.java:468)
	at app//com.carrotsearch.randomizedtesting.RandomizedRunner.runSingleTest(RandomizedRunner.java:947)
	at app//com.carrotsearch.randomizedtesting.RandomizedRunner$5.evaluate(RandomizedRunner.java:832)
	at app//com.carrotsearch.randomizedtesting.RandomizedRunner$6.evaluate(RandomizedRunner.java:883)
	at app//com.carrotsearch.randomizedtesting.RandomizedRunner$7.evaluate(RandomizedRunner.java:894)
	at app//org.apache.lucene.tests.util.AbstractBeforeAfterRule$1.evaluate(AbstractBeforeAfterRule.java:43)
	at app//com.carrotsearch.randomizedtesting.rules.StatementAdapter.evaluate(StatementAdapter.java:36)
	at app//org.apache.lucene.tests.util.TestRuleStoreClassName$1.evaluate(TestRuleStoreClassName.java:38)
	at app//com.carrotsearch.randomizedtesting.rules.NoShadowingOrOverridesOnMethodsRule$1.evaluate(NoShadowingOrOverridesOnMethodsRule.java:40)
	at app//com.carrotsearch.randomizedtesting.rules.NoShadowingOrOverridesOnMethodsRule$1.evaluate(NoShadowingOrOverridesOnMethodsRule.java:40)
	at app//com.carrotsearch.randomizedtesting.rules.StatementAdapter.evaluate(StatementAdapter.java:36)
	at app//com.carrotsearch.randomizedtesting.rules.StatementAdapter.evaluate(StatementAdapter.java:36)
	at app//org.apache.lucene.tests.util.TestRuleAssertionsRequired$1.evaluate(TestRuleAssertionsRequired.java:53)
	at app//org.apache.lucene.tests.util.AbstractBeforeAfterRule$1.evaluate(AbstractBeforeAfterRule.java:43)
	at app//org.apache.lucene.tests.util.TestRuleMarkFailure$1.evaluate(TestRuleMarkFailure.java:44)
	at app//org.apache.lucene.tests.util.TestRuleIgnoreAfterMaxFailures$1.evaluate(TestRuleIgnoreAfterMaxFailures.java:60)
	at app//org.apache.lucene.tests.util.TestRuleIgnoreTestSuites$1.evaluate(TestRuleIgnoreTestSuites.java:47)
	at app//org.junit.rules.RunRules.evaluate(RunRules.java:20)
	at app//com.carrotsearch.randomizedtesting.rules.StatementAdapter.evaluate(StatementAdapter.java:36)
	at app//com.carrotsearch.randomizedtesting.ThreadLeakControl$StatementRunner.run(ThreadLeakControl.java:368)
	at java.base@17.0.4.1/java.lang.Thread.run(Thread.java:833)
</failure>
  </testcase>
  <testcase name="selectAllWithFieldAndGroupByReverseOrder" classname="org.opensearch.sql.legacy.QueryIT" time="0.045">
    <failure message="org.opensearch.client.ResponseException: method [POST], host [http://[::1]:49775], URI [/_plugins/_sql?format=json], status line [HTTP/1.1 400 Bad Request]&#10;{&#10;  &quot;error&quot;: {&#10;    &quot;reason&quot;: &quot;Invalid SQL query&quot;,&#10;    &quot;details&quot;: &quot;Query is unsupported in the new engine&quot;,&#10;    &quot;type&quot;: &quot;SQLFeatureDisabledException&quot;&#10;  },&#10;  &quot;status&quot;: 400&#10;}" type="org.opensearch.client.ResponseException">org.opensearch.client.ResponseException: method [POST], host [http://[::1]:49775], URI [/_plugins/_sql?format=json], status line [HTTP/1.1 400 Bad Request]
{
  &quot;error&quot;: {
    &quot;reason&quot;: &quot;Invalid SQL query&quot;,
    &quot;details&quot;: &quot;Query is unsupported in the new engine&quot;,
    &quot;type&quot;: &quot;SQLFeatureDisabledException&quot;
  },
  &quot;status&quot;: 400
}
	at __randomizedtesting.SeedInfo.seed([B058E8962C1F801C:9597E377112522E7]:0)
	at app//org.opensearch.client.RestClient.convertResponse(RestClient.java:384)
	at app//org.opensearch.client.RestClient.performRequest(RestClient.java:354)
	at app//org.opensearch.client.RestClient.performRequest(RestClient.java:329)
	at app//org.opensearch.sql.legacy.SQLIntegTestCase.executeRequest(SQLIntegTestCase.java:327)
	at app//org.opensearch.sql.legacy.SQLIntegTestCase.executeRequest(SQLIntegTestCase.java:322)
	at app//org.opensearch.sql.legacy.SQLIntegTestCase.executeRequest(SQLIntegTestCase.java:310)
	at app//org.opensearch.sql.legacy.SQLIntegTestCase.executeQuery(SQLIntegTestCase.java:293)
	at app//org.opensearch.sql.legacy.QueryIT.selectAllWithFieldAndGroupByReverseOrder(QueryIT.java:169)
	at java.base@17.0.4.1/jdk.internal.reflect.NativeMethodAccessorImpl.invoke0(Native Method)
	at java.base@17.0.4.1/jdk.internal.reflect.NativeMethodAccessorImpl.invoke(NativeMethodAccessorImpl.java:77)
	at java.base@17.0.4.1/jdk.internal.reflect.DelegatingMethodAccessorImpl.invoke(DelegatingMethodAccessorImpl.java:43)
	at java.base@17.0.4.1/java.lang.reflect.Method.invoke(Method.java:568)
	at app//com.carrotsearch.randomizedtesting.RandomizedRunner.invoke(RandomizedRunner.java:1750)
[...]
REPRODUCE WITH: ./gradlew ':integ-test:integTest' --tests "org.opensearch.sql.legacy.QueryIT.testMultiPartWhere2" -Dtests.seed=B058E8962C1F801C -Dtests.security.manager=false -Dtests.locale=fi -Dtests.timezone=Etc/GMT+6 -Druntime.java=17
REPRODUCE WITH: ./gradlew ':integ-test:integTest' --tests "org.opensearch.sql.legacy.QueryIT.notMissFilterSearch" -Dtests.seed=B058E8962C1F801C -Dtests.security.manager=false -Dtests.locale=fi -Dtests.timezone=Etc/GMT+6 -Druntime.java=17
REPRODUCE WITH: ./gradlew ':integ-test:integTest' --tests "org.opensearch.sql.legacy.QueryIT.testWhereWithBoolEqualsFalse" -Dtests.seed=B058E8962C1F801C -Dtests.security.manager=false -Dtests.locale=fi -Dtests.timezone=Etc/GMT+6 -Druntime.java=17
REPRODUCE WITH: ./gradlew ':integ-test:integTest' --tests "org.opensearch.sql.legacy.QueryIT.termQueryWithNumber" -Dtests.seed=B058E8962C1F801C -Dtests.security.manager=false -Dtests.locale=fi -Dtests.timezone=Etc/GMT+6 -Druntime.java=17
REPRODUCE WITH: ./gradlew ':integ-test:integTest' --tests "org.opensearch.sql.legacy.QueryIT.selectAllWithFieldAndGroupBy" -Dtests.seed=B058E8962C1F801C -Dtests.security.manager=false -Dtests.locale=fi -Dtests.timezone=Etc/GMT+6 -Druntime.java=17
REPRODUCE WITH: ./gradlew ':integ-test:integTest' --tests "org.opensearch.sql.legacy.QueryIT.inTest" -Dtests.seed=B058E8962C1F801C -Dtests.security.manager=false -Dtests.locale=fi -Dtests.timezone=Etc/GMT+6 -Druntime.java=17
REPRODUCE WITH: ./gradlew ':integ-test:integTest' --tests "org.opensearch.sql.legacy.QueryIT.orderByAscFieldWithSpaceTest" -Dtests.seed=B058E8962C1F801C -Dtests.security.manager=false -Dtests.locale=fi -Dtests.timezone=Etc/GMT+6 -Druntime.java=17
REPRODUCE WITH: ./gradlew ':integ-test:integTest' --tests "org.opensearch.sql.legacy.QueryIT.testWhereWithBoolIsNotFalse" -Dtests.seed=B058E8962C1F801C -Dtests.security.manager=false -Dtests.locale=fi -Dtests.timezone=Etc/GMT+6 -Druntime.java=17
REPRODUCE WITH: ./gradlew ':integ-test:integTest' --tests "org.opensearch.sql.legacy.QueryIT.likeTest" -Dtests.seed=B058E8962C1F801C -Dtests.security.manager=false -Dtests.locale=fi -Dtests.timezone=Etc/GMT+6 -Druntime.java=17
REPRODUCE WITH: ./gradlew ':integ-test:integTest' --tests "org.opensearch.sql.legacy.QueryIT.searchTypeTest" -Dtests.seed=B058E8962C1F801C -Dtests.security.manager=false -Dtests.locale=fi -Dtests.timezone=Etc/GMT+6 -Druntime.java=17
REPRODUCE WITH: ./gradlew ':integ-test:integTest' --tests "org.opensearch.sql.legacy.QueryIT.selectAllWithFieldAndGroupByReverseOrder" -Dtests.seed=B058E8962C1F801C -Dtests.security.manager=false -Dtests.locale=fi -Dtests.timezone=Etc/GMT+6 -Druntime.java=17
REPRODUCE WITH: ./gradlew ':integ-test:integTest' --tests "org.opensearch.sql.legacy.QueryIT.testWhereWithBoolEqualsTrueAndGroupBy" -Dtests.seed=B058E8962C1F801C -Dtests.security.manager=false -Dtests.locale=fi -Dtests.timezone=Etc/GMT+6 -Druntime.java=17
REPRODUCE WITH: ./gradlew ':integ-test:integTest' --tests "org.opensearch.sql.legacy.QueryIT.selectAllWithFieldReverseOrder" -Dtests.seed=B058E8962C1F801C -Dtests.security.manager=false -Dtests.locale=fi -Dtests.timezone=Etc/GMT+6 -Druntime.java=17
REPRODUCE WITH: ./gradlew ':integ-test:integTest' --tests "org.opensearch.sql.legacy.QueryIT.complexObjectSearch" -Dtests.seed=B058E8962C1F801C -Dtests.security.manager=false -Dtests.locale=fi -Dtests.timezone=Etc/GMT+6 -Druntime.java=17
REPRODUCE WITH: ./gradlew ':integ-test:integTest' --tests "org.opensearch.sql.legacy.QueryIT.selectSpecificFields" -Dtests.seed=B058E8962C1F801C -Dtests.security.manager=false -Dtests.locale=fi -Dtests.timezone=Etc/GMT+6 -Druntime.java=17
REPRODUCE WITH: ./gradlew ':integ-test:integTest' --tests "org.opensearch.sql.legacy.QueryIT.caseWhenSwitchTest" -Dtests.seed=B058E8962C1F801C -Dtests.security.manager=false -Dtests.locale=fi -Dtests.timezone=Etc/GMT+6 -Druntime.java=17
REPRODUCE WITH: ./gradlew ':integ-test:integTest' --tests "org.opensearch.sql.legacy.QueryIT.testMultiPartWhere" -Dtests.seed=B058E8962C1F801C -Dtests.security.manager=false -Dtests.locale=fi -Dtests.timezone=Etc/GMT+6 -Druntime.java=17
REPRODUCE WITH: ./gradlew ':integ-test:integTest' --tests "org.opensearch.sql.legacy.QueryIT.nestedEqualsTestFieldNormalField" -Dtests.seed=B058E8962C1F801C -Dtests.security.manager=false -Dtests.locale=fi -Dtests.timezone=Etc/GMT+6 -Druntime.java=17
REPRODUCE WITH: ./gradlew ':integ-test:integTest' --tests "org.opensearch.sql.legacy.QueryIT.termQueryWithStringIdentifier" -Dtests.seed=B058E8962C1F801C -Dtests.security.manager=false -Dtests.locale=fi -Dtests.timezone=Etc/GMT+6 -Druntime.java=17
REPRODUCE WITH: ./gradlew ':integ-test:integTest' --tests "org.opensearch.sql.legacy.QueryIT.innerQueryTest" -Dtests.seed=B058E8962C1F801C -Dtests.security.manager=false -Dtests.locale=fi -Dtests.timezone=Etc/GMT+6 -Druntime.java=17
REPRODUCE WITH: ./gradlew ':integ-test:integTest' --tests "org.opensearch.sql.legacy.QueryIT.filterPolygonTest" -Dtests.seed=B058E8962C1F801C -Dtests.security.manager=false -Dtests.locale=fi -Dtests.timezone=Etc/GMT+6 -Druntime.java=17
REPRODUCE WITH: ./gradlew ':integ-test:integTest' --tests "org.opensearch.sql.legacy.QueryIT.dateBetweenSearch" -Dtests.seed=B058E8962C1F801C -Dtests.security.manager=false -Dtests.locale=fi -Dtests.timezone=Etc/GMT+6 -Druntime.java=17
REPRODUCE WITH: ./gradlew ':integ-test:integTest' --tests "org.opensearch.sql.legacy.QueryIT.selectAllWithFieldReturnsAll" -Dtests.seed=B058E8962C1F801C -Dtests.security.manager=false -Dtests.locale=fi -Dtests.timezone=Etc/GMT+6 -Druntime.java=17
REPRODUCE WITH: ./gradlew ':integ-test:integTest' --tests "org.opensearch.sql.legacy.QueryIT.selectAllWithMultipleFields" -Dtests.seed=B058E8962C1F801C -Dtests.security.manager=false -Dtests.locale=fi -Dtests.timezone=Etc/GMT+6 -Druntime.java=17
REPRODUCE WITH: ./gradlew ':integ-test:integTest' --tests "org.opensearch.sql.legacy.QueryIT.orderByDescTest" -Dtests.seed=B058E8962C1F801C -Dtests.security.manager=false -Dtests.locale=fi -Dtests.timezone=Etc/GMT+6 -Druntime.java=17
REPRODUCE WITH: ./gradlew ':integ-test:integTest' --tests "org.opensearch.sql.legacy.QueryIT.betweenTest" -Dtests.seed=B058E8962C1F801C -Dtests.security.manager=false -Dtests.locale=fi -Dtests.timezone=Etc/GMT+6 -Druntime.java=17
REPRODUCE WITH: ./gradlew ':integ-test:integTest' --tests "org.opensearch.sql.legacy.QueryIT.regexQueryTest" -Dtests.seed=B058E8962C1F801C -Dtests.security.manager=false -Dtests.locale=fi -Dtests.timezone=Etc/GMT+6 -Druntime.java=17
REPRODUCE WITH: ./gradlew ':integ-test:integTest' --tests "org.opensearch.sql.legacy.QueryIT.doubleNotTest" -Dtests.seed=B058E8962C1F801C -Dtests.security.manager=false -Dtests.locale=fi -Dtests.timezone=Etc/GMT+6 -Druntime.java=17
REPRODUCE WITH: ./gradlew ':integ-test:integTest' --tests "org.opensearch.sql.legacy.QueryIT.isNotNullTest" -Dtests.seed=B058E8962C1F801C -Dtests.security.manager=false -Dtests.locale=fi -Dtests.timezone=Etc/GMT+6 -Druntime.java=17
REPRODUCE WITH: ./gradlew ':integ-test:integTest' --tests "org.opensearch.sql.legacy.QueryIT.multipleFromTest" -Dtests.seed=B058E8962C1F801C -Dtests.security.manager=false -Dtests.locale=fi -Dtests.timezone=Etc/GMT+6 -Druntime.java=17
REPRODUCE WITH: ./gradlew ':integ-test:integTest' --tests "org.opensearch.sql.legacy.QueryIT.testWhereWithBoolEqualsFalseAndOrderBy" -Dtests.seed=B058E8962C1F801C -Dtests.security.manager=false -Dtests.locale=fi -Dtests.timezone=Etc/GMT+6 -Druntime.java=17
REPRODUCE WITH: ./gradlew ':integ-test:integTest' --tests "org.opensearch.sql.legacy.QueryIT.testMultiPartWhere3" -Dtests.seed=B058E8962C1F801C -Dtests.security.manager=false -Dtests.locale=fi -Dtests.timezone=Etc/GMT+6 -Druntime.java=17
REPRODUCE WITH: ./gradlew ':integ-test:integTest' --tests "org.opensearch.sql.legacy.QueryIT.orderByDescUsingTableAliasTest" -Dtests.seed=B058E8962C1F801C -Dtests.security.manager=false -Dtests.locale=fi -Dtests.timezone=Etc/GMT+6 -Druntime.java=17
REPRODUCE WITH: ./gradlew ':integ-test:integTest' --tests "org.opensearch.sql.legacy.QueryIT.testWhereWithBoolEqualsTrueAndOrderBy" -Dtests.seed=B058E8962C1F801C -Dtests.security.manager=false -Dtests.locale=fi -Dtests.timezone=Etc/GMT+6 -Druntime.java=17
REPRODUCE WITH: ./gradlew ':integ-test:integTest' --tests "org.opensearch.sql.legacy.QueryIT.orderByAscTest" -Dtests.seed=B058E8962C1F801C -Dtests.security.manager=false -Dtests.locale=fi -Dtests.timezone=Etc/GMT+6 -Druntime.java=17
REPRODUCE WITH: ./gradlew ':integ-test:integTest' --tests "org.opensearch.sql.legacy.QueryIT.notUseTableAliasInWhereClauseTest" -Dtests.seed=B058E8962C1F801C -Dtests.security.manager=false -Dtests.locale=fi -Dtests.timezone=Etc/GMT+6 -Druntime.java=17
REPRODUCE WITH: ./gradlew ':integ-test:integTest' --tests "org.opensearch.sql.legacy.QueryIT.testWhereWithBoolEqualsTrue" -Dtests.seed=B058E8962C1F801C -Dtests.security.manager=false -Dtests.locale=fi -Dtests.timezone=Etc/GMT+6 -Druntime.java=17
REPRODUCE WITH: ./gradlew ':integ-test:integTest' --tests "org.opensearch.sql.legacy.QueryIT.termQueryWithStringLiteral" -Dtests.seed=B058E8962C1F801C -Dtests.security.manager=false -Dtests.locale=fi -Dtests.timezone=Etc/GMT+6 -Druntime.java=17
REPRODUCE WITH: ./gradlew ':integ-test:integTest' --tests "org.opensearch.sql.legacy.QueryIT.orTest" -Dtests.seed=B058E8962C1F801C -Dtests.security.manager=false -Dtests.locale=fi -Dtests.timezone=Etc/GMT+6 -Druntime.java=17
REPRODUCE WITH: ./gradlew ':integ-test:integTest' --tests "org.opensearch.sql.legacy.QueryIT.complexNestedQueryBothOnSameObject" -Dtests.seed=B058E8962C1F801C -Dtests.security.manager=false -Dtests.locale=fi -Dtests.timezone=Etc/GMT+6 -Druntime.java=17
REPRODUCE WITH: ./gradlew ':integ-test:integTest' --tests "org.opensearch.sql.legacy.QueryIT.equalityTestPhrase" -Dtests.seed=B058E8962C1F801C -Dtests.security.manager=false -Dtests.locale=fi -Dtests.timezone=Etc/GMT+6 -Druntime.java=17
REPRODUCE WITH: ./gradlew ':integ-test:integTest' --tests "org.opensearch.sql.legacy.QueryIT.negativeRegexQueryTest" -Dtests.seed=B058E8962C1F801C -Dtests.security.manager=false -Dtests.locale=fi -Dtests.timezone=Etc/GMT+6 -Druntime.java=17
REPRODUCE WITH: ./gradlew ':integ-test:integTest' --tests "org.opensearch.sql.legacy.QueryIT.nestedOnInTermsQuery" -Dtests.seed=B058E8962C1F801C -Dtests.security.manager=false -Dtests.locale=fi -Dtests.timezone=Etc/GMT+6 -Druntime.java=17
REPRODUCE WITH: ./gradlew ':integ-test:integTest' --tests "org.opensearch.sql.legacy.QueryIT.inTermsWithNumbers" -Dtests.seed=B058E8962C1F801C -Dtests.security.manager=false -Dtests.locale=fi -Dtests.timezone=Etc/GMT+6 -Druntime.java=17
REPRODUCE WITH: ./gradlew ':integ-test:integTest' --tests "org.opensearch.sql.legacy.QueryIT.notInTest" -Dtests.seed=B058E8962C1F801C -Dtests.security.manager=false -Dtests.locale=fi -Dtests.timezone=Etc/GMT+6 -Druntime.java=17
REPRODUCE WITH: ./gradlew ':integ-test:integTest' --tests "org.opensearch.sql.legacy.QueryIT.complexObjectReturnField" -Dtests.seed=B058E8962C1F801C -Dtests.security.manager=false -Dtests.locale=fi -Dtests.timezone=Etc/GMT+6 -Druntime.java=17
REPRODUCE WITH: ./gradlew ':integ-test:integTest' --tests "org.opensearch.sql.legacy.QueryIT.inTestWithStrings" -Dtests.seed=B058E8962C1F801C -Dtests.security.manager=false -Dtests.locale=fi -Dtests.timezone=Etc/GMT+6 -Druntime.java=17
REPRODUCE WITH: ./gradlew ':integ-test:integTest' --tests "org.opensearch.sql.legacy.QueryIT.notLikeTests" -Dtests.seed=B058E8962C1F801C -Dtests.security.manager=false -Dtests.locale=fi -Dtests.timezone=Etc/GMT+6 -Druntime.java=17
REPRODUCE WITH: ./gradlew ':integ-test:integTest' --tests "org.opensearch.sql.legacy.QueryIT.boundingBox" -Dtests.seed=B058E8962C1F801C -Dtests.security.manager=false -Dtests.locale=fi -Dtests.timezone=Etc/GMT+6 -Druntime.java=17
REPRODUCE WITH: ./gradlew ':integ-test:integTest' --tests "org.opensearch.sql.legacy.QueryIT.equalityTest" -Dtests.seed=B058E8962C1F801C -Dtests.security.manager=false -Dtests.locale=fi -Dtests.timezone=Etc/GMT+6 -Druntime.java=17
REPRODUCE WITH: ./gradlew ':integ-test:integTest' --tests "org.opensearch.sql.legacy.QueryIT.greaterThanTest" -Dtests.seed=B058E8962C1F801C -Dtests.security.manager=false -Dtests.locale=fi -Dtests.timezone=Etc/GMT+6 -Druntime.java=17
REPRODUCE WITH: ./gradlew ':integ-test:integTest' --tests "org.opensearch.sql.legacy.QueryIT.inTermsTestWithStrings" -Dtests.seed=B058E8962C1F801C -Dtests.security.manager=false -Dtests.locale=fi -Dtests.timezone=Etc/GMT+6 -Druntime.java=17
REPRODUCE WITH: ./gradlew ':integ-test:integTest' --tests "org.opensearch.sql.legacy.QueryIT.lessThanOrEqualTest" -Dtests.seed=B058E8962C1F801C -Dtests.security.manager=false -Dtests.locale=fi -Dtests.timezone=Etc/GMT+6 -Druntime.java=17
REPRODUCE WITH: ./gradlew ':integ-test:integTest' --tests "org.opensearch.sql.legacy.QueryIT.inTermsTestWithIdentifiersTreatedLikeStrings" -Dtests.seed=B058E8962C1F801C -Dtests.security.manager=false -Dtests.locale=fi -Dtests.timezone=Etc/GMT+6 -Druntime.java=17
REPRODUCE WITH: ./gradlew ':integ-test:integTest' --tests "org.opensearch.sql.legacy.QueryIT.andTest" -Dtests.seed=B058E8962C1F801C -Dtests.security.manager=false -Dtests.locale=fi -Dtests.timezone=Etc/GMT+6 -Druntime.java=17
REPRODUCE WITH: ./gradlew ':integ-test:integTest' --tests "org.opensearch.sql.legacy.QueryIT.notBetweenTest" -Dtests.seed=B058E8962C1F801C -Dtests.security.manager=false -Dtests.locale=fi -Dtests.timezone=Etc/GMT+6 -Druntime.java=17
REPRODUCE WITH: ./gradlew ':integ-test:integTest' --tests "org.opensearch.sql.legacy.QueryIT.notLikeTest" -Dtests.seed=B058E8962C1F801C -Dtests.security.manager=false -Dtests.locale=fi -Dtests.timezone=Etc/GMT+6 -Druntime.java=17
REPRODUCE WITH: ./gradlew ':integ-test:integTest' --tests "org.opensearch.sql.legacy.QueryIT.complexNestedQueryNotBothOnSameObject" -Dtests.seed=B058E8962C1F801C -Dtests.security.manager=false -Dtests.locale=fi -Dtests.timezone=Etc/GMT+6 -Druntime.java=17
REPRODUCE WITH: ./gradlew ':integ-test:integTest' --tests "org.opensearch.sql.legacy.QueryIT.isNullTest" -Dtests.seed=B058E8962C1F801C -Dtests.security.manager=false -Dtests.locale=fi -Dtests.timezone=Etc/GMT+6 -Druntime.java=17
REPRODUCE WITH: ./gradlew ':integ-test:integTest' --tests "org.opensearch.sql.legacy.QueryIT.selectSpecificFieldsUsingTableAlias" -Dtests.seed=B058E8962C1F801C -Dtests.security.manager=false -Dtests.locale=fi -Dtests.timezone=Etc/GMT+6 -Druntime.java=17
REPRODUCE WITH: ./gradlew ':integ-test:integTest' --tests "org.opensearch.sql.legacy.QueryIT.geoPolygon" -Dtests.seed=B058E8962C1F801C -Dtests.security.manager=false -Dtests.locale=fi -Dtests.timezone=Etc/GMT+6 -Druntime.java=17
REPRODUCE WITH: ./gradlew ':integ-test:integTest' --tests "org.opensearch.sql.legacy.QueryIT.complexNotConditionQuery" -Dtests.seed=B058E8962C1F801C -Dtests.security.manager=false -Dtests.locale=fi -Dtests.timezone=Etc/GMT+6 -Druntime.java=17
REPRODUCE WITH: ./gradlew ':integ-test:integTest' --tests "org.opensearch.sql.legacy.QueryIT.greaterThanOrEqualTest" -Dtests.seed=B058E8962C1F801C -Dtests.security.manager=false -Dtests.locale=fi -Dtests.timezone=Etc/GMT+6 -Druntime.java=17
REPRODUCE WITH: ./gradlew ':integ-test:integTest' --tests "org.opensearch.sql.legacy.QueryIT.lessThanTest" -Dtests.seed=B058E8962C1F801C -Dtests.security.manager=false -Dtests.locale=fi -Dtests.timezone=Etc/GMT+6 -Druntime.java=17
REPRODUCE WITH: ./gradlew ':integ-test:integTest' --tests "org.opensearch.sql.legacy.QueryIT.geoDistance" -Dtests.seed=B058E8962C1F801C -Dtests.security.manager=false -Dtests.locale=fi -Dtests.timezone=Etc/GMT+6 -Druntime.java=17
REPRODUCE WITH: ./gradlew ':integ-test:integTest' --tests "org.opensearch.sql.legacy.QueryIT.testWhereWithBoolEqualsFalseAndGroupBy" -Dtests.seed=B058E8962C1F801C -Dtests.security.manager=false -Dtests.locale=fi -Dtests.timezone=Etc/GMT+6 -Druntime.java=17
REPRODUCE WITH: ./gradlew ':integ-test:integTest' --tests "org.opensearch.sql.legacy.QueryIT.highlightPreTagsAndPostTags" -Dtests.seed=B058E8962C1F801C -Dtests.security.manager=false -Dtests.locale=fi -Dtests.timezone=Etc/GMT+6 -Druntime.java=17
REPRODUCE WITH: ./gradlew ':integ-test:integTest' --tests "org.opensearch.sql.legacy.QueryIT.testWhereWithBoolIsTrue" -Dtests.seed=B058E8962C1F801C -Dtests.security.manager=false -Dtests.locale=fi -Dtests.timezone=Etc/GMT+6 -Druntime.java=17
REPRODUCE WITH: ./gradlew ':integ-test:integTest' --tests "org.opensearch.sql.legacy.QueryIT.selectFieldWithSpace" -Dtests.seed=B058E8962C1F801C -Dtests.security.manager=false -Dtests.locale=fi -Dtests.timezone=Etc/GMT+6 -Druntime.java=17
REPRODUCE WITH: ./gradlew ':integ-test:integTest' --tests "org.opensearch.sql.legacy.QueryIT.multipleIndicesOneNotExistWithoutHint" -Dtests.seed=B058E8962C1F801C -Dtests.security.manager=false -Dtests.locale=fi -Dtests.timezone=Etc/GMT+6 -Druntime.java=17
REPRODUCE WITH: ./gradlew ':integ-test:integTest' --tests "org.opensearch.sql.legacy.QueryIT.nestedEqualsTestFieldInsideArrays" -Dtests.seed=B058E8962C1F801C -Dtests.security.manager=false -Dtests.locale=fi -Dtests.timezone=Etc/GMT+6 -Druntime.java=17
REPRODUCE WITH: ./gradlew ':integ-test:integTest' --tests "org.opensearch.sql.legacy.QueryIT.useTableNamePrefixInWhereClauseTest" -Dtests.seed=B058E8962C1F801C -Dtests.security.manager=false -Dtests.locale=fi -Dtests.timezone=Etc/GMT+6 -Druntime.java=17
REPRODUCE WITH: ./gradlew ':integ-test:integTest' --tests "org.opensearch.sql.legacy.QueryIT.complexConditionQuery" -Dtests.seed=B058E8962C1F801C -Dtests.security.manager=false -Dtests.locale=fi -Dtests.timezone=Etc/GMT+6 -Druntime.java=17
REPRODUCE WITH: ./gradlew ':integ-test:integTest' --tests "org.opensearch.sql.legacy.QueryIT.testWhereWithBoolIsFalse" -Dtests.seed=B058E8962C1F801C -Dtests.security.manager=false -Dtests.locale=fi -Dtests.timezone=Etc/GMT+6 -Druntime.java=17
REPRODUCE WITH: ./gradlew ':integ-test:integTest' --tests "org.opensearch.sql.legacy.QueryIT.useTableAliasInWhereClauseTest" -Dtests.seed=B058E8962C1F801C -Dtests.security.manager=false -Dtests.locale=fi -Dtests.timezone=Etc/GMT+6 -Druntime.java=17
REPRODUCE WITH: ./gradlew ':integ-test:integTest' --tests "org.opensearch.sql.legacy.QueryIT.limitTest" -Dtests.seed=B058E8962C1F801C -Dtests.security.manager=false -Dtests.locale=fi -Dtests.timezone=Etc/GMT+6 -Druntime.java=17
REPRODUCE WITH: ./gradlew ':integ-test:integTest' --tests "org.opensearch.sql.legacy.QueryIT.selectAllWithFieldAndOrderBy" -Dtests.seed=B058E8962C1F801C -Dtests.security.manager=false -Dtests.locale=fi -Dtests.timezone=Etc/GMT+6 -Druntime.java=17
REPRODUCE WITH: ./gradlew ':integ-test:integTest' --tests "org.opensearch.sql.legacy.QueryIT.testWhereWithBoolIsNotTrue" -Dtests.seed=B058E8962C1F801C -Dtests.security.manager=false -Dtests.locale=fi -Dtests.timezone=Etc/GMT+6 -Druntime.java=17
REPRODUCE WITH: ./gradlew ':integ-test:integTest' --tests "org.opensearch.sql.legacy.QueryIT.dateSearch" -Dtests.seed=B058E8962C1F801C -Dtests.security.manager=false -Dtests.locale=fi -Dtests.timezone=Etc/GMT+6 -Druntime.java=17
NOTE: leaving temporary files on disk at: /Users/guiang/Documents/GitHub/opensearch-project-sql/integ-test/build/testrun/integTest/temp/org.opensearch.sql.legacy.QueryIT_B058E8962C1F801C-001
NOTE: test params are: codec=Asserting(Lucene95): {}, docValues:{}, maxPointsInLeafNode=200, maxMBSortInHeap=5.034920225399816, sim=Asserting(RandomSimilarity(queryNorm=false): {}), locale=fi, timezone=Etc/GMT+6
NOTE: Mac OS X 13.0 x86_64/Amazon.com Inc. 17.0.4.1 (64-bit)/cpus=10,threads=1,free=389808512,total=536870912
NOTE: All tests run in this JVM: [AggregationIT, CsvFormatResponseIT, CursorIT, DateFormatIT, DateFunctionsIT, DeleteIT, HashJoinIT, HavingIT, JSONRequestIT, JdbcTestIT, JoinAliasWriterRuleIT, JoinIT, MathFunctionsIT, MetaDataQueriesIT, MethodQueryIT, MultiQueryIT, NestedFieldQueryIT, ObjectFieldSelectIT, PluginIT, PreparedStatementIT, PrettyFormatResponseIT, QueryFunctionsIT, QueryIT]
]]></system-err>
</testsuite>
